The system is: Linux - 5.15.146.1-microsoft-standard-WSL2 - x86_64
Compiling the CXX compiler identification source file "CMakeCXXCompilerId.cpp" succeeded.
Compiler: /u/sw/toolchains/gcc-glibc/11.2.0/prefix/bin/g++ 
Build flags: 
Id flags:  

The output was:
0


Compilation of the CXX compiler identification source "CMakeCXXCompilerId.cpp" produced "a.out"

The CXX compiler identification is GNU, found in "/home/tommy/Eikonal_Project/Eikonal-Cuda-Cesaroni-Tonarelli-Trabacchin/build/CMakeFiles/3.20.5/CompilerIdCXX/a.out"

Detecting CXX compiler ABI info compiled with the following output:
Change Dir: /home/tommy/Eikonal_Project/Eikonal-Cuda-Cesaroni-Tonarelli-Trabacchin/build/CMakeFiles/CMakeTmp

Run Build Command(s):/usr/bin/gmake -f Makefile cmTC_a39a6/fast && /usr/bin/gmake  -f CMakeFiles/cmTC_a39a6.dir/build.make CMakeFiles/cmTC_a39a6.dir/build
gmake[1]: Entering directory '/home/tommy/Eikonal_Project/Eikonal-Cuda-Cesaroni-Tonarelli-Trabacchin/build/CMakeFiles/CMakeTmp'
Building CXX object CMakeFiles/cmTC_a39a6.dir/CMakeCXXCompilerABI.cpp.o
/u/sw/toolchains/gcc-glibc/11.2.0/prefix/bin/g++   -v -o CMakeFiles/cmTC_a39a6.dir/CMakeCXXCompilerABI.cpp.o -c /u/sw/toolchains/gcc-glibc/11.2.0/base/share/cmake-3.20/Modules/CMakeCXXCompilerABI.cpp
Using built-in specs.
COLLECT_GCC=/u/sw/toolchains/gcc-glibc/11.2.0/prefix/bin/g++
Target: x86_64-mk-linux
Configured with: ../gcc-11.2.0/configure --build=x86_64-mk-linux --prefix=/u/sw/toolchains/gcc-glibc/11.2.0/prefix --with-local-prefix=/u/sw/toolchains/gcc-glibc/11.2.0/base --with-native-system-header-dir=/u/sw/toolchains/gcc-glibc/11.2.0/prefix/include --with-pkgversion=mk-2022.0 --with-bugurl=https://github.com/elauksap/mk/issues --disable-nls --disable-multilib --enable-shared --enable-threads=posix --enable-__cxa_atexit --enable-lto --enable-libgomp --disable-libstdcxx-pch --enable-bootstrap --enable-languages=c,c++,fortran
Thread model: posix
Supported LTO compression algorithms: zlib
gcc version 11.2.0 (mk-2022.0) 
COLLECT_GCC_OPTIONS='-v' '-o' 'CMakeFiles/cmTC_a39a6.dir/CMakeCXXCompilerABI.cpp.o' '-c' '-shared-libgcc' '-mtune=generic' '-march=x86-64' '-dumpdir' 'CMakeFiles/cmTC_a39a6.dir/'
 /u/sw/toolchains/gcc-glibc/11.2.0/prefix/libexec/gcc/x86_64-mk-linux/11.2.0/cc1plus -quiet -v -D_GNU_SOURCE /u/sw/toolchains/gcc-glibc/11.2.0/base/share/cmake-3.20/Modules/CMakeCXXCompilerABI.cpp -quiet -dumpdir CMakeFiles/cmTC_a39a6.dir/ -dumpbase CMakeCXXCompilerABI.cpp.cpp -dumpbase-ext .cpp -mtune=generic -march=x86-64 -version -o /tmp/cco3IaXE.s
GNU C++17 (mk-2022.0) version 11.2.0 (x86_64-mk-linux)
	compiled by GNU C version 11.2.0, GMP version 6.2.1, MPFR version 4.1.0, MPC version 1.2.1, isl version isl-0.24-GMP

GGC heuristics: --param ggc-min-expand=100 --param ggc-min-heapsize=131072
ignoring nonexistent directory "/u/sw/toolchains/gcc-glibc/11.2.0/prefix/lib/gcc/x86_64-mk-linux/11.2.0/../../../../x86_64-mk-linux/include"
ignoring duplicate directory "/u/sw/toolchains/gcc-glibc/11.2.0/prefix/include"
#include "..." search starts here:
#include <...> search starts here:
 /u/sw/toolchains/gcc-glibc/11.2.0/prefix/lib/gcc/x86_64-mk-linux/11.2.0/../../../../include/c++/11.2.0
 /u/sw/toolchains/gcc-glibc/11.2.0/prefix/lib/gcc/x86_64-mk-linux/11.2.0/../../../../include/c++/11.2.0/x86_64-mk-linux
 /u/sw/toolchains/gcc-glibc/11.2.0/prefix/lib/gcc/x86_64-mk-linux/11.2.0/../../../../include/c++/11.2.0/backward
 /u/sw/toolchains/gcc-glibc/11.2.0/prefix/lib/gcc/x86_64-mk-linux/11.2.0/include
 /u/sw/toolchains/gcc-glibc/11.2.0/base/include
 /u/sw/toolchains/gcc-glibc/11.2.0/prefix/include
 /u/sw/toolchains/gcc-glibc/11.2.0/prefix/lib/gcc/x86_64-mk-linux/11.2.0/include-fixed
End of search list.
GNU C++17 (mk-2022.0) version 11.2.0 (x86_64-mk-linux)
	compiled by GNU C version 11.2.0, GMP version 6.2.1, MPFR version 4.1.0, MPC version 1.2.1, isl version isl-0.24-GMP

GGC heuristics: --param ggc-min-expand=100 --param ggc-min-heapsize=131072
Compiler executable checksum: e9d48fa60ebde083c2bde881b2a1d378
COLLECT_GCC_OPTIONS='-v' '-o' 'CMakeFiles/cmTC_a39a6.dir/CMakeCXXCompilerABI.cpp.o' '-c' '-shared-libgcc' '-mtune=generic' '-march=x86-64' '-dumpdir' 'CMakeFiles/cmTC_a39a6.dir/'
 /u/sw/toolchains/gcc-glibc/11.2.0/prefix/lib/gcc/x86_64-mk-linux/11.2.0/../../../../x86_64-mk-linux/bin/as -v --64 -o CMakeFiles/cmTC_a39a6.dir/CMakeCXXCompilerABI.cpp.o /tmp/cco3IaXE.s
GNU assembler version 2.37 (x86_64-mk-linux) using BFD version (mk-2022.0) 2.37
COMPILER_PATH=/u/sw/toolchains/gcc-glibc/11.2.0/prefix/libexec/gcc/x86_64-mk-linux/11.2.0/:/u/sw/toolchains/gcc-glibc/11.2.0/prefix/libexec/gcc/x86_64-mk-linux/11.2.0/:/u/sw/toolchains/gcc-glibc/11.2.0/prefix/libexec/gcc/x86_64-mk-linux/:/u/sw/toolchains/gcc-glibc/11.2.0/prefix/lib/gcc/x86_64-mk-linux/11.2.0/:/u/sw/toolchains/gcc-glibc/11.2.0/prefix/lib/gcc/x86_64-mk-linux/:/u/sw/toolchains/gcc-glibc/11.2.0/prefix/lib/gcc/x86_64-mk-linux/11.2.0/../../../../x86_64-mk-linux/bin/
LIBRARY_PATH=/u/sw/toolchains/gcc-glibc/11.2.0/prefix/lib/gcc/x86_64-mk-linux/11.2.0/:/u/sw/toolchains/gcc-glibc/11.2.0/prefix/lib/gcc/x86_64-mk-linux/11.2.0/../../../../x86_64-mk-linux/lib/../lib/:/u/sw/toolchains/gcc-glibc/11.2.0/prefix/lib/gcc/x86_64-mk-linux/11.2.0/../../../../lib/:/u/sw/toolchains/gcc-glibc/11.2.0/prefix/lib/gcc/x86_64-mk-linux/11.2.0/../../../../x86_64-mk-linux/lib/:/u/sw/toolchains/gcc-glibc/11.2.0/prefix/lib/gcc/x86_64-mk-linux/11.2.0/../../../:/u/sw/toolchains/gcc-glibc/11.2.0/prefix/lib:/u/sw/toolchains/gcc-glibc/11.2.0/base/lib
COLLECT_GCC_OPTIONS='-v' '-o' 'CMakeFiles/cmTC_a39a6.dir/CMakeCXXCompilerABI.cpp.o' '-c' '-shared-libgcc' '-mtune=generic' '-march=x86-64' '-dumpdir' 'CMakeFiles/cmTC_a39a6.dir/CMakeCXXCompilerABI.cpp.'
Linking CXX executable cmTC_a39a6
/u/sw/toolchains/gcc-glibc/11.2.0/base/bin/cmake -E cmake_link_script CMakeFiles/cmTC_a39a6.dir/link.txt --verbose=1
/u/sw/toolchains/gcc-glibc/11.2.0/prefix/bin/g++  -v CMakeFiles/cmTC_a39a6.dir/CMakeCXXCompilerABI.cpp.o -o cmTC_a39a6 
Using built-in specs.
COLLECT_GCC=/u/sw/toolchains/gcc-glibc/11.2.0/prefix/bin/g++
COLLECT_LTO_WRAPPER=/u/sw/toolchains/gcc-glibc/11.2.0/prefix/libexec/gcc/x86_64-mk-linux/11.2.0/lto-wrapper
Target: x86_64-mk-linux
Configured with: ../gcc-11.2.0/configure --build=x86_64-mk-linux --prefix=/u/sw/toolchains/gcc-glibc/11.2.0/prefix --with-local-prefix=/u/sw/toolchains/gcc-glibc/11.2.0/base --with-native-system-header-dir=/u/sw/toolchains/gcc-glibc/11.2.0/prefix/include --with-pkgversion=mk-2022.0 --with-bugurl=https://github.com/elauksap/mk/issues --disable-nls --disable-multilib --enable-shared --enable-threads=posix --enable-__cxa_atexit --enable-lto --enable-libgomp --disable-libstdcxx-pch --enable-bootstrap --enable-languages=c,c++,fortran
Thread model: posix
Supported LTO compression algorithms: zlib
gcc version 11.2.0 (mk-2022.0) 
COMPILER_PATH=/u/sw/toolchains/gcc-glibc/11.2.0/prefix/libexec/gcc/x86_64-mk-linux/11.2.0/:/u/sw/toolchains/gcc-glibc/11.2.0/prefix/libexec/gcc/x86_64-mk-linux/11.2.0/:/u/sw/toolchains/gcc-glibc/11.2.0/prefix/libexec/gcc/x86_64-mk-linux/:/u/sw/toolchains/gcc-glibc/11.2.0/prefix/lib/gcc/x86_64-mk-linux/11.2.0/:/u/sw/toolchains/gcc-glibc/11.2.0/prefix/lib/gcc/x86_64-mk-linux/:/u/sw/toolchains/gcc-glibc/11.2.0/prefix/lib/gcc/x86_64-mk-linux/11.2.0/../../../../x86_64-mk-linux/bin/
LIBRARY_PATH=/u/sw/toolchains/gcc-glibc/11.2.0/prefix/lib/gcc/x86_64-mk-linux/11.2.0/:/u/sw/toolchains/gcc-glibc/11.2.0/prefix/lib/gcc/x86_64-mk-linux/11.2.0/../../../../x86_64-mk-linux/lib/../lib/:/u/sw/toolchains/gcc-glibc/11.2.0/prefix/lib/gcc/x86_64-mk-linux/11.2.0/../../../../lib/:/u/sw/toolchains/gcc-glibc/11.2.0/prefix/lib/gcc/x86_64-mk-linux/11.2.0/../../../../x86_64-mk-linux/lib/:/u/sw/toolchains/gcc-glibc/11.2.0/prefix/lib/gcc/x86_64-mk-linux/11.2.0/../../../:/u/sw/toolchains/gcc-glibc/11.2.0/prefix/lib:/u/sw/toolchains/gcc-glibc/11.2.0/base/lib
COLLECT_GCC_OPTIONS='-v' '-o' 'cmTC_a39a6' '-shared-libgcc' '-mtune=generic' '-march=x86-64' '-dumpdir' 'cmTC_a39a6.'
 /u/sw/toolchains/gcc-glibc/11.2.0/prefix/libexec/gcc/x86_64-mk-linux/11.2.0/collect2 -plugin /u/sw/toolchains/gcc-glibc/11.2.0/prefix/libexec/gcc/x86_64-mk-linux/11.2.0/liblto_plugin.so -plugin-opt=/u/sw/toolchains/gcc-glibc/11.2.0/prefix/libexec/gcc/x86_64-mk-linux/11.2.0/lto-wrapper -plugin-opt=-fresolution=/tmp/cca60nCS.res -plugin-opt=-pass-through=-lgcc_s -plugin-opt=-pass-through=-lgcc -plugin-opt=-pass-through=-lc -plugin-opt=-pass-through=-lgcc_s -plugin-opt=-pass-through=-lgcc --eh-frame-hdr -m elf_x86_64 -dynamic-linker /u/sw/toolchains/gcc-glibc/11.2.0/prefix/lib/ld-linux-x86-64.so.2 -o cmTC_a39a6 /u/sw/toolchains/gcc-glibc/11.2.0/prefix/lib/gcc/x86_64-mk-linux/11.2.0/../../../../lib/crt1.o /u/sw/toolchains/gcc-glibc/11.2.0/prefix/lib/gcc/x86_64-mk-linux/11.2.0/../../../../lib/crti.o /u/sw/toolchains/gcc-glibc/11.2.0/prefix/lib/gcc/x86_64-mk-linux/11.2.0/crtbegin.o -L/u/sw/toolchains/gcc-glibc/11.2.0/prefix/lib/gcc/x86_64-mk-linux/11.2.0 -L/u/sw/toolchains/gcc-glibc/11.2.0/prefix/lib/gcc/x86_64-mk-linux/11.2.0/../../../../x86_64-mk-linux/lib/../lib -L/u/sw/toolchains/gcc-glibc/11.2.0/prefix/lib/gcc/x86_64-mk-linux/11.2.0/../../../../lib -L/u/sw/toolchains/gcc-glibc/11.2.0/prefix/lib/gcc/x86_64-mk-linux/11.2.0/../../../../x86_64-mk-linux/lib -L/u/sw/toolchains/gcc-glibc/11.2.0/prefix/lib/gcc/x86_64-mk-linux/11.2.0/../../.. -L/u/sw/toolchains/gcc-glibc/11.2.0/prefix/lib -L/u/sw/toolchains/gcc-glibc/11.2.0/base/lib CMakeFiles/cmTC_a39a6.dir/CMakeCXXCompilerABI.cpp.o -lstdc++ -lm -lgcc_s -lgcc -lc -lgcc_s -lgcc /u/sw/toolchains/gcc-glibc/11.2.0/prefix/lib/gcc/x86_64-mk-linux/11.2.0/crtend.o /u/sw/toolchains/gcc-glibc/11.2.0/prefix/lib/gcc/x86_64-mk-linux/11.2.0/../../../../lib/crtn.o
COLLECT_GCC_OPTIONS='-v' '-o' 'cmTC_a39a6' '-shared-libgcc' '-mtune=generic' '-march=x86-64' '-dumpdir' 'cmTC_a39a6.'
gmake[1]: Leaving directory '/home/tommy/Eikonal_Project/Eikonal-Cuda-Cesaroni-Tonarelli-Trabacchin/build/CMakeFiles/CMakeTmp'



Parsed CXX implicit include dir info from above output: rv=done
  found start of include info
  found start of implicit include info
    add: [/u/sw/toolchains/gcc-glibc/11.2.0/prefix/lib/gcc/x86_64-mk-linux/11.2.0/../../../../include/c++/11.2.0]
    add: [/u/sw/toolchains/gcc-glibc/11.2.0/prefix/lib/gcc/x86_64-mk-linux/11.2.0/../../../../include/c++/11.2.0/x86_64-mk-linux]
    add: [/u/sw/toolchains/gcc-glibc/11.2.0/prefix/lib/gcc/x86_64-mk-linux/11.2.0/../../../../include/c++/11.2.0/backward]
    add: [/u/sw/toolchains/gcc-glibc/11.2.0/prefix/lib/gcc/x86_64-mk-linux/11.2.0/include]
    add: [/u/sw/toolchains/gcc-glibc/11.2.0/base/include]
    add: [/u/sw/toolchains/gcc-glibc/11.2.0/prefix/include]
    add: [/u/sw/toolchains/gcc-glibc/11.2.0/prefix/lib/gcc/x86_64-mk-linux/11.2.0/include-fixed]
  end of search list found
  collapse include dir [/u/sw/toolchains/gcc-glibc/11.2.0/prefix/lib/gcc/x86_64-mk-linux/11.2.0/../../../../include/c++/11.2.0] ==> [/u/sw/toolchains/gcc-glibc/11.2.0/prefix/include/c++/11.2.0]
  collapse include dir [/u/sw/toolchains/gcc-glibc/11.2.0/prefix/lib/gcc/x86_64-mk-linux/11.2.0/../../../../include/c++/11.2.0/x86_64-mk-linux] ==> [/u/sw/toolchains/gcc-glibc/11.2.0/prefix/include/c++/11.2.0/x86_64-mk-linux]
  collapse include dir [/u/sw/toolchains/gcc-glibc/11.2.0/prefix/lib/gcc/x86_64-mk-linux/11.2.0/../../../../include/c++/11.2.0/backward] ==> [/u/sw/toolchains/gcc-glibc/11.2.0/prefix/include/c++/11.2.0/backward]
  collapse include dir [/u/sw/toolchains/gcc-glibc/11.2.0/prefix/lib/gcc/x86_64-mk-linux/11.2.0/include] ==> [/u/sw/toolchains/gcc-glibc/11.2.0/prefix/lib/gcc/x86_64-mk-linux/11.2.0/include]
  collapse include dir [/u/sw/toolchains/gcc-glibc/11.2.0/base/include] ==> [/u/sw/toolchains/gcc-glibc/11.2.0/base/include]
  collapse include dir [/u/sw/toolchains/gcc-glibc/11.2.0/prefix/include] ==> [/u/sw/toolchains/gcc-glibc/11.2.0/prefix/include]
  collapse include dir [/u/sw/toolchains/gcc-glibc/11.2.0/prefix/lib/gcc/x86_64-mk-linux/11.2.0/include-fixed] ==> [/u/sw/toolchains/gcc-glibc/11.2.0/prefix/lib/gcc/x86_64-mk-linux/11.2.0/include-fixed]
  implicit include dirs: [/u/sw/toolchains/gcc-glibc/11.2.0/prefix/include/c++/11.2.0;/u/sw/toolchains/gcc-glibc/11.2.0/prefix/include/c++/11.2.0/x86_64-mk-linux;/u/sw/toolchains/gcc-glibc/11.2.0/prefix/include/c++/11.2.0/backward;/u/sw/toolchains/gcc-glibc/11.2.0/prefix/lib/gcc/x86_64-mk-linux/11.2.0/include;/u/sw/toolchains/gcc-glibc/11.2.0/base/include;/u/sw/toolchains/gcc-glibc/11.2.0/prefix/include;/u/sw/toolchains/gcc-glibc/11.2.0/prefix/lib/gcc/x86_64-mk-linux/11.2.0/include-fixed]


Parsed CXX implicit link information from above output:
  link line regex: [^( *|.*[/\])(ld|CMAKE_LINK_STARTFILE-NOTFOUND|([^/\]+-)?ld|collect2)[^/\]*( |$)]
  ignore line: [Change Dir: /home/tommy/Eikonal_Project/Eikonal-Cuda-Cesaroni-Tonarelli-Trabacchin/build/CMakeFiles/CMakeTmp]
  ignore line: []
  ignore line: [Run Build Command(s):/usr/bin/gmake -f Makefile cmTC_a39a6/fast && /usr/bin/gmake  -f CMakeFiles/cmTC_a39a6.dir/build.make CMakeFiles/cmTC_a39a6.dir/build]
  ignore line: [gmake[1]: Entering directory '/home/tommy/Eikonal_Project/Eikonal-Cuda-Cesaroni-Tonarelli-Trabacchin/build/CMakeFiles/CMakeTmp']
  ignore line: [Building CXX object CMakeFiles/cmTC_a39a6.dir/CMakeCXXCompilerABI.cpp.o]
  ignore line: [/u/sw/toolchains/gcc-glibc/11.2.0/prefix/bin/g++   -v -o CMakeFiles/cmTC_a39a6.dir/CMakeCXXCompilerABI.cpp.o -c /u/sw/toolchains/gcc-glibc/11.2.0/base/share/cmake-3.20/Modules/CMakeCXXCompilerABI.cpp]
  ignore line: [Using built-in specs.]
  ignore line: [COLLECT_GCC=/u/sw/toolchains/gcc-glibc/11.2.0/prefix/bin/g++]
  ignore line: [Target: x86_64-mk-linux]
  ignore line: [Configured with: ../gcc-11.2.0/configure --build=x86_64-mk-linux --prefix=/u/sw/toolchains/gcc-glibc/11.2.0/prefix --with-local-prefix=/u/sw/toolchains/gcc-glibc/11.2.0/base --with-native-system-header-dir=/u/sw/toolchains/gcc-glibc/11.2.0/prefix/include --with-pkgversion=mk-2022.0 --with-bugurl=https://github.com/elauksap/mk/issues --disable-nls --disable-multilib --enable-shared --enable-threads=posix --enable-__cxa_atexit --enable-lto --enable-libgomp --disable-libstdcxx-pch --enable-bootstrap --enable-languages=c c++ fortran]
  ignore line: [Thread model: posix]
  ignore line: [Supported LTO compression algorithms: zlib]
  ignore line: [gcc version 11.2.0 (mk-2022.0) ]
  ignore line: [COLLECT_GCC_OPTIONS='-v' '-o' 'CMakeFiles/cmTC_a39a6.dir/CMakeCXXCompilerABI.cpp.o' '-c' '-shared-libgcc' '-mtune=generic' '-march=x86-64' '-dumpdir' 'CMakeFiles/cmTC_a39a6.dir/']
  ignore line: [ /u/sw/toolchains/gcc-glibc/11.2.0/prefix/libexec/gcc/x86_64-mk-linux/11.2.0/cc1plus -quiet -v -D_GNU_SOURCE /u/sw/toolchains/gcc-glibc/11.2.0/base/share/cmake-3.20/Modules/CMakeCXXCompilerABI.cpp -quiet -dumpdir CMakeFiles/cmTC_a39a6.dir/ -dumpbase CMakeCXXCompilerABI.cpp.cpp -dumpbase-ext .cpp -mtune=generic -march=x86-64 -version -o /tmp/cco3IaXE.s]
  ignore line: [GNU C++17 (mk-2022.0) version 11.2.0 (x86_64-mk-linux)]
  ignore line: [	compiled by GNU C version 11.2.0  GMP version 6.2.1  MPFR version 4.1.0  MPC version 1.2.1  isl version isl-0.24-GMP]
  ignore line: []
  ignore line: [GGC heuristics: --param ggc-min-expand=100 --param ggc-min-heapsize=131072]
  ignore line: [ignoring nonexistent directory "/u/sw/toolchains/gcc-glibc/11.2.0/prefix/lib/gcc/x86_64-mk-linux/11.2.0/../../../../x86_64-mk-linux/include"]
  ignore line: [ignoring duplicate directory "/u/sw/toolchains/gcc-glibc/11.2.0/prefix/include"]
  ignore line: [#include "..." search starts here:]
  ignore line: [#include <...> search starts here:]
  ignore line: [ /u/sw/toolchains/gcc-glibc/11.2.0/prefix/lib/gcc/x86_64-mk-linux/11.2.0/../../../../include/c++/11.2.0]
  ignore line: [ /u/sw/toolchains/gcc-glibc/11.2.0/prefix/lib/gcc/x86_64-mk-linux/11.2.0/../../../../include/c++/11.2.0/x86_64-mk-linux]
  ignore line: [ /u/sw/toolchains/gcc-glibc/11.2.0/prefix/lib/gcc/x86_64-mk-linux/11.2.0/../../../../include/c++/11.2.0/backward]
  ignore line: [ /u/sw/toolchains/gcc-glibc/11.2.0/prefix/lib/gcc/x86_64-mk-linux/11.2.0/include]
  ignore line: [ /u/sw/toolchains/gcc-glibc/11.2.0/base/include]
  ignore line: [ /u/sw/toolchains/gcc-glibc/11.2.0/prefix/include]
  ignore line: [ /u/sw/toolchains/gcc-glibc/11.2.0/prefix/lib/gcc/x86_64-mk-linux/11.2.0/include-fixed]
  ignore line: [End of search list.]
  ignore line: [GNU C++17 (mk-2022.0) version 11.2.0 (x86_64-mk-linux)]
  ignore line: [	compiled by GNU C version 11.2.0  GMP version 6.2.1  MPFR version 4.1.0  MPC version 1.2.1  isl version isl-0.24-GMP]
  ignore line: []
  ignore line: [GGC heuristics: --param ggc-min-expand=100 --param ggc-min-heapsize=131072]
  ignore line: [Compiler executable checksum: e9d48fa60ebde083c2bde881b2a1d378]
  ignore line: [COLLECT_GCC_OPTIONS='-v' '-o' 'CMakeFiles/cmTC_a39a6.dir/CMakeCXXCompilerABI.cpp.o' '-c' '-shared-libgcc' '-mtune=generic' '-march=x86-64' '-dumpdir' 'CMakeFiles/cmTC_a39a6.dir/']
  ignore line: [ /u/sw/toolchains/gcc-glibc/11.2.0/prefix/lib/gcc/x86_64-mk-linux/11.2.0/../../../../x86_64-mk-linux/bin/as -v --64 -o CMakeFiles/cmTC_a39a6.dir/CMakeCXXCompilerABI.cpp.o /tmp/cco3IaXE.s]
  ignore line: [GNU assembler version 2.37 (x86_64-mk-linux) using BFD version (mk-2022.0) 2.37]
  ignore line: [COMPILER_PATH=/u/sw/toolchains/gcc-glibc/11.2.0/prefix/libexec/gcc/x86_64-mk-linux/11.2.0/:/u/sw/toolchains/gcc-glibc/11.2.0/prefix/libexec/gcc/x86_64-mk-linux/11.2.0/:/u/sw/toolchains/gcc-glibc/11.2.0/prefix/libexec/gcc/x86_64-mk-linux/:/u/sw/toolchains/gcc-glibc/11.2.0/prefix/lib/gcc/x86_64-mk-linux/11.2.0/:/u/sw/toolchains/gcc-glibc/11.2.0/prefix/lib/gcc/x86_64-mk-linux/:/u/sw/toolchains/gcc-glibc/11.2.0/prefix/lib/gcc/x86_64-mk-linux/11.2.0/../../../../x86_64-mk-linux/bin/]
  ignore line: [LIBRARY_PATH=/u/sw/toolchains/gcc-glibc/11.2.0/prefix/lib/gcc/x86_64-mk-linux/11.2.0/:/u/sw/toolchains/gcc-glibc/11.2.0/prefix/lib/gcc/x86_64-mk-linux/11.2.0/../../../../x86_64-mk-linux/lib/../lib/:/u/sw/toolchains/gcc-glibc/11.2.0/prefix/lib/gcc/x86_64-mk-linux/11.2.0/../../../../lib/:/u/sw/toolchains/gcc-glibc/11.2.0/prefix/lib/gcc/x86_64-mk-linux/11.2.0/../../../../x86_64-mk-linux/lib/:/u/sw/toolchains/gcc-glibc/11.2.0/prefix/lib/gcc/x86_64-mk-linux/11.2.0/../../../:/u/sw/toolchains/gcc-glibc/11.2.0/prefix/lib:/u/sw/toolchains/gcc-glibc/11.2.0/base/lib]
  ignore line: [COLLECT_GCC_OPTIONS='-v' '-o' 'CMakeFiles/cmTC_a39a6.dir/CMakeCXXCompilerABI.cpp.o' '-c' '-shared-libgcc' '-mtune=generic' '-march=x86-64' '-dumpdir' 'CMakeFiles/cmTC_a39a6.dir/CMakeCXXCompilerABI.cpp.']
  ignore line: [Linking CXX executable cmTC_a39a6]
  ignore line: [/u/sw/toolchains/gcc-glibc/11.2.0/base/bin/cmake -E cmake_link_script CMakeFiles/cmTC_a39a6.dir/link.txt --verbose=1]
  ignore line: [/u/sw/toolchains/gcc-glibc/11.2.0/prefix/bin/g++  -v CMakeFiles/cmTC_a39a6.dir/CMakeCXXCompilerABI.cpp.o -o cmTC_a39a6 ]
  ignore line: [Using built-in specs.]
  ignore line: [COLLECT_GCC=/u/sw/toolchains/gcc-glibc/11.2.0/prefix/bin/g++]
  ignore line: [COLLECT_LTO_WRAPPER=/u/sw/toolchains/gcc-glibc/11.2.0/prefix/libexec/gcc/x86_64-mk-linux/11.2.0/lto-wrapper]
  ignore line: [Target: x86_64-mk-linux]
  ignore line: [Configured with: ../gcc-11.2.0/configure --build=x86_64-mk-linux --prefix=/u/sw/toolchains/gcc-glibc/11.2.0/prefix --with-local-prefix=/u/sw/toolchains/gcc-glibc/11.2.0/base --with-native-system-header-dir=/u/sw/toolchains/gcc-glibc/11.2.0/prefix/include --with-pkgversion=mk-2022.0 --with-bugurl=https://github.com/elauksap/mk/issues --disable-nls --disable-multilib --enable-shared --enable-threads=posix --enable-__cxa_atexit --enable-lto --enable-libgomp --disable-libstdcxx-pch --enable-bootstrap --enable-languages=c c++ fortran]
  ignore line: [Thread model: posix]
  ignore line: [Supported LTO compression algorithms: zlib]
  ignore line: [gcc version 11.2.0 (mk-2022.0) ]
  ignore line: [COMPILER_PATH=/u/sw/toolchains/gcc-glibc/11.2.0/prefix/libexec/gcc/x86_64-mk-linux/11.2.0/:/u/sw/toolchains/gcc-glibc/11.2.0/prefix/libexec/gcc/x86_64-mk-linux/11.2.0/:/u/sw/toolchains/gcc-glibc/11.2.0/prefix/libexec/gcc/x86_64-mk-linux/:/u/sw/toolchains/gcc-glibc/11.2.0/prefix/lib/gcc/x86_64-mk-linux/11.2.0/:/u/sw/toolchains/gcc-glibc/11.2.0/prefix/lib/gcc/x86_64-mk-linux/:/u/sw/toolchains/gcc-glibc/11.2.0/prefix/lib/gcc/x86_64-mk-linux/11.2.0/../../../../x86_64-mk-linux/bin/]
  ignore line: [LIBRARY_PATH=/u/sw/toolchains/gcc-glibc/11.2.0/prefix/lib/gcc/x86_64-mk-linux/11.2.0/:/u/sw/toolchains/gcc-glibc/11.2.0/prefix/lib/gcc/x86_64-mk-linux/11.2.0/../../../../x86_64-mk-linux/lib/../lib/:/u/sw/toolchains/gcc-glibc/11.2.0/prefix/lib/gcc/x86_64-mk-linux/11.2.0/../../../../lib/:/u/sw/toolchains/gcc-glibc/11.2.0/prefix/lib/gcc/x86_64-mk-linux/11.2.0/../../../../x86_64-mk-linux/lib/:/u/sw/toolchains/gcc-glibc/11.2.0/prefix/lib/gcc/x86_64-mk-linux/11.2.0/../../../:/u/sw/toolchains/gcc-glibc/11.2.0/prefix/lib:/u/sw/toolchains/gcc-glibc/11.2.0/base/lib]
  ignore line: [COLLECT_GCC_OPTIONS='-v' '-o' 'cmTC_a39a6' '-shared-libgcc' '-mtune=generic' '-march=x86-64' '-dumpdir' 'cmTC_a39a6.']
  link line: [ /u/sw/toolchains/gcc-glibc/11.2.0/prefix/libexec/gcc/x86_64-mk-linux/11.2.0/collect2 -plugin /u/sw/toolchains/gcc-glibc/11.2.0/prefix/libexec/gcc/x86_64-mk-linux/11.2.0/liblto_plugin.so -plugin-opt=/u/sw/toolchains/gcc-glibc/11.2.0/prefix/libexec/gcc/x86_64-mk-linux/11.2.0/lto-wrapper -plugin-opt=-fresolution=/tmp/cca60nCS.res -plugin-opt=-pass-through=-lgcc_s -plugin-opt=-pass-through=-lgcc -plugin-opt=-pass-through=-lc -plugin-opt=-pass-through=-lgcc_s -plugin-opt=-pass-through=-lgcc --eh-frame-hdr -m elf_x86_64 -dynamic-linker /u/sw/toolchains/gcc-glibc/11.2.0/prefix/lib/ld-linux-x86-64.so.2 -o cmTC_a39a6 /u/sw/toolchains/gcc-glibc/11.2.0/prefix/lib/gcc/x86_64-mk-linux/11.2.0/../../../../lib/crt1.o /u/sw/toolchains/gcc-glibc/11.2.0/prefix/lib/gcc/x86_64-mk-linux/11.2.0/../../../../lib/crti.o /u/sw/toolchains/gcc-glibc/11.2.0/prefix/lib/gcc/x86_64-mk-linux/11.2.0/crtbegin.o -L/u/sw/toolchains/gcc-glibc/11.2.0/prefix/lib/gcc/x86_64-mk-linux/11.2.0 -L/u/sw/toolchains/gcc-glibc/11.2.0/prefix/lib/gcc/x86_64-mk-linux/11.2.0/../../../../x86_64-mk-linux/lib/../lib -L/u/sw/toolchains/gcc-glibc/11.2.0/prefix/lib/gcc/x86_64-mk-linux/11.2.0/../../../../lib -L/u/sw/toolchains/gcc-glibc/11.2.0/prefix/lib/gcc/x86_64-mk-linux/11.2.0/../../../../x86_64-mk-linux/lib -L/u/sw/toolchains/gcc-glibc/11.2.0/prefix/lib/gcc/x86_64-mk-linux/11.2.0/../../.. -L/u/sw/toolchains/gcc-glibc/11.2.0/prefix/lib -L/u/sw/toolchains/gcc-glibc/11.2.0/base/lib CMakeFiles/cmTC_a39a6.dir/CMakeCXXCompilerABI.cpp.o -lstdc++ -lm -lgcc_s -lgcc -lc -lgcc_s -lgcc /u/sw/toolchains/gcc-glibc/11.2.0/prefix/lib/gcc/x86_64-mk-linux/11.2.0/crtend.o /u/sw/toolchains/gcc-glibc/11.2.0/prefix/lib/gcc/x86_64-mk-linux/11.2.0/../../../../lib/crtn.o]
    arg [/u/sw/toolchains/gcc-glibc/11.2.0/prefix/libexec/gcc/x86_64-mk-linux/11.2.0/collect2] ==> ignore
    arg [-plugin] ==> ignore
    arg [/u/sw/toolchains/gcc-glibc/11.2.0/prefix/libexec/gcc/x86_64-mk-linux/11.2.0/liblto_plugin.so] ==> ignore
    arg [-plugin-opt=/u/sw/toolchains/gcc-glibc/11.2.0/prefix/libexec/gcc/x86_64-mk-linux/11.2.0/lto-wrapper] ==> ignore
    arg [-plugin-opt=-fresolution=/tmp/cca60nCS.res] ==> ignore
    arg [-plugin-opt=-pass-through=-lgcc_s] ==> ignore
    arg [-plugin-opt=-pass-through=-lgcc] ==> ignore
    arg [-plugin-opt=-pass-through=-lc] ==> ignore
    arg [-plugin-opt=-pass-through=-lgcc_s] ==> ignore
    arg [-plugin-opt=-pass-through=-lgcc] ==> ignore
    arg [--eh-frame-hdr] ==> ignore
    arg [-m] ==> ignore
    arg [elf_x86_64] ==> ignore
    arg [-dynamic-linker] ==> ignore
    arg [/u/sw/toolchains/gcc-glibc/11.2.0/prefix/lib/ld-linux-x86-64.so.2] ==> ignore
    arg [-o] ==> ignore
    arg [cmTC_a39a6] ==> ignore
    arg [/u/sw/toolchains/gcc-glibc/11.2.0/prefix/lib/gcc/x86_64-mk-linux/11.2.0/../../../../lib/crt1.o] ==> obj [/u/sw/toolchains/gcc-glibc/11.2.0/prefix/lib/gcc/x86_64-mk-linux/11.2.0/../../../../lib/crt1.o]
    arg [/u/sw/toolchains/gcc-glibc/11.2.0/prefix/lib/gcc/x86_64-mk-linux/11.2.0/../../../../lib/crti.o] ==> obj [/u/sw/toolchains/gcc-glibc/11.2.0/prefix/lib/gcc/x86_64-mk-linux/11.2.0/../../../../lib/crti.o]
    arg [/u/sw/toolchains/gcc-glibc/11.2.0/prefix/lib/gcc/x86_64-mk-linux/11.2.0/crtbegin.o] ==> obj [/u/sw/toolchains/gcc-glibc/11.2.0/prefix/lib/gcc/x86_64-mk-linux/11.2.0/crtbegin.o]
    arg [-L/u/sw/toolchains/gcc-glibc/11.2.0/prefix/lib/gcc/x86_64-mk-linux/11.2.0] ==> dir [/u/sw/toolchains/gcc-glibc/11.2.0/prefix/lib/gcc/x86_64-mk-linux/11.2.0]
    arg [-L/u/sw/toolchains/gcc-glibc/11.2.0/prefix/lib/gcc/x86_64-mk-linux/11.2.0/../../../../x86_64-mk-linux/lib/../lib] ==> dir [/u/sw/toolchains/gcc-glibc/11.2.0/prefix/lib/gcc/x86_64-mk-linux/11.2.0/../../../../x86_64-mk-linux/lib/../lib]
    arg [-L/u/sw/toolchains/gcc-glibc/11.2.0/prefix/lib/gcc/x86_64-mk-linux/11.2.0/../../../../lib] ==> dir [/u/sw/toolchains/gcc-glibc/11.2.0/prefix/lib/gcc/x86_64-mk-linux/11.2.0/../../../../lib]
    arg [-L/u/sw/toolchains/gcc-glibc/11.2.0/prefix/lib/gcc/x86_64-mk-linux/11.2.0/../../../../x86_64-mk-linux/lib] ==> dir [/u/sw/toolchains/gcc-glibc/11.2.0/prefix/lib/gcc/x86_64-mk-linux/11.2.0/../../../../x86_64-mk-linux/lib]
    arg [-L/u/sw/toolchains/gcc-glibc/11.2.0/prefix/lib/gcc/x86_64-mk-linux/11.2.0/../../..] ==> dir [/u/sw/toolchains/gcc-glibc/11.2.0/prefix/lib/gcc/x86_64-mk-linux/11.2.0/../../..]
    arg [-L/u/sw/toolchains/gcc-glibc/11.2.0/prefix/lib] ==> dir [/u/sw/toolchains/gcc-glibc/11.2.0/prefix/lib]
    arg [-L/u/sw/toolchains/gcc-glibc/11.2.0/base/lib] ==> dir [/u/sw/toolchains/gcc-glibc/11.2.0/base/lib]
    arg [CMakeFiles/cmTC_a39a6.dir/CMakeCXXCompilerABI.cpp.o] ==> ignore
    arg [-lstdc++] ==> lib [stdc++]
    arg [-lm] ==> lib [m]
    arg [-lgcc_s] ==> lib [gcc_s]
    arg [-lgcc] ==> lib [gcc]
    arg [-lc] ==> lib [c]
    arg [-lgcc_s] ==> lib [gcc_s]
    arg [-lgcc] ==> lib [gcc]
    arg [/u/sw/toolchains/gcc-glibc/11.2.0/prefix/lib/gcc/x86_64-mk-linux/11.2.0/crtend.o] ==> obj [/u/sw/toolchains/gcc-glibc/11.2.0/prefix/lib/gcc/x86_64-mk-linux/11.2.0/crtend.o]
    arg [/u/sw/toolchains/gcc-glibc/11.2.0/prefix/lib/gcc/x86_64-mk-linux/11.2.0/../../../../lib/crtn.o] ==> obj [/u/sw/toolchains/gcc-glibc/11.2.0/prefix/lib/gcc/x86_64-mk-linux/11.2.0/../../../../lib/crtn.o]
  collapse obj [/u/sw/toolchains/gcc-glibc/11.2.0/prefix/lib/gcc/x86_64-mk-linux/11.2.0/../../../../lib/crt1.o] ==> [/u/sw/toolchains/gcc-glibc/11.2.0/prefix/lib/crt1.o]
  collapse obj [/u/sw/toolchains/gcc-glibc/11.2.0/prefix/lib/gcc/x86_64-mk-linux/11.2.0/../../../../lib/crti.o] ==> [/u/sw/toolchains/gcc-glibc/11.2.0/prefix/lib/crti.o]
  collapse obj [/u/sw/toolchains/gcc-glibc/11.2.0/prefix/lib/gcc/x86_64-mk-linux/11.2.0/../../../../lib/crtn.o] ==> [/u/sw/toolchains/gcc-glibc/11.2.0/prefix/lib/crtn.o]
  collapse library dir [/u/sw/toolchains/gcc-glibc/11.2.0/prefix/lib/gcc/x86_64-mk-linux/11.2.0] ==> [/u/sw/toolchains/gcc-glibc/11.2.0/prefix/lib/gcc/x86_64-mk-linux/11.2.0]
  collapse library dir [/u/sw/toolchains/gcc-glibc/11.2.0/prefix/lib/gcc/x86_64-mk-linux/11.2.0/../../../../x86_64-mk-linux/lib/../lib] ==> [/u/sw/toolchains/gcc-glibc/11.2.0/prefix/x86_64-mk-linux/lib]
  collapse library dir [/u/sw/toolchains/gcc-glibc/11.2.0/prefix/lib/gcc/x86_64-mk-linux/11.2.0/../../../../lib] ==> [/u/sw/toolchains/gcc-glibc/11.2.0/prefix/lib]
  collapse library dir [/u/sw/toolchains/gcc-glibc/11.2.0/prefix/lib/gcc/x86_64-mk-linux/11.2.0/../../../../x86_64-mk-linux/lib] ==> [/u/sw/toolchains/gcc-glibc/11.2.0/prefix/x86_64-mk-linux/lib]
  collapse library dir [/u/sw/toolchains/gcc-glibc/11.2.0/prefix/lib/gcc/x86_64-mk-linux/11.2.0/../../..] ==> [/u/sw/toolchains/gcc-glibc/11.2.0/prefix/lib]
  collapse library dir [/u/sw/toolchains/gcc-glibc/11.2.0/prefix/lib] ==> [/u/sw/toolchains/gcc-glibc/11.2.0/prefix/lib]
  collapse library dir [/u/sw/toolchains/gcc-glibc/11.2.0/base/lib] ==> [/u/sw/toolchains/gcc-glibc/11.2.0/base/lib]
  implicit libs: [stdc++;m;gcc_s;gcc;c;gcc_s;gcc]
  implicit objs: [/u/sw/toolchains/gcc-glibc/11.2.0/prefix/lib/crt1.o;/u/sw/toolchains/gcc-glibc/11.2.0/prefix/lib/crti.o;/u/sw/toolchains/gcc-glibc/11.2.0/prefix/lib/gcc/x86_64-mk-linux/11.2.0/crtbegin.o;/u/sw/toolchains/gcc-glibc/11.2.0/prefix/lib/gcc/x86_64-mk-linux/11.2.0/crtend.o;/u/sw/toolchains/gcc-glibc/11.2.0/prefix/lib/crtn.o]
  implicit dirs: [/u/sw/toolchains/gcc-glibc/11.2.0/prefix/lib/gcc/x86_64-mk-linux/11.2.0;/u/sw/toolchains/gcc-glibc/11.2.0/prefix/x86_64-mk-linux/lib;/u/sw/toolchains/gcc-glibc/11.2.0/prefix/lib;/u/sw/toolchains/gcc-glibc/11.2.0/base/lib]
  implicit fwks: []


Checking whether the CUDA compiler is NVIDIA using "" matched "nvcc: NVIDIA \(R\) Cuda compiler driver":
nvcc: NVIDIA (R) Cuda compiler driver
Copyright (c) 2005-2024 NVIDIA Corporation
Built on Thu_Mar_28_02:18:24_PDT_2024
Cuda compilation tools, release 12.4, V12.4.131
Build cuda_12.4.r12.4/compiler.34097967_0
Compiling the CUDA compiler identification source file "CMakeCUDACompilerId.cu" succeeded.
Compiler: /usr/local/cuda/bin/nvcc 
Build flags: 
Id flags: --keep;--keep-dir;tmp -v

The output was:
0
#$ _NVVM_BRANCH_=nvvm
#$ _NVVM_BRANCH_SUFFIX_=
#$ _SPACE_= 
#$ _CUDART_=cudart
#$ _HERE_=/usr/local/cuda/bin
#$ _THERE_=/usr/local/cuda/bin
#$ _TARGET_SIZE_=
#$ _TARGET_DIR_=
#$ _TARGET_DIR_=targets/x86_64-linux
#$ TOP=/usr/local/cuda/bin/..
#$ NVVMIR_LIBRARY_DIR=/usr/local/cuda/bin/../nvvm/libdevice
#$ LD_LIBRARY_PATH=/usr/local/cuda/bin/../lib:/u/sw/toolchains/gcc-glibc/11.2.0/pkgs/tbb/2021.3.0/lib
#$ PATH=/usr/local/cuda/bin/../nvvm/bin:/usr/local/cuda/bin:/usr/local/cuda/bin:/usr/local/sbin:/usr/local/bin:/usr/sbin:/usr/bin:/sbin:/bin:/usr/games:/usr/local/games:/snap/bin:/u/sw/toolchains/gcc-glibc/11.2.0/base/bin:/u/sw/toolchains/gcc-glibc/11.2.0/prefix/bin:/usr/bin:/bin
#$ INCLUDES="-I/usr/local/cuda/bin/../targets/x86_64-linux/include"  
#$ LIBRARIES=  "-L/usr/local/cuda/bin/../targets/x86_64-linux/lib/stubs" "-L/usr/local/cuda/bin/../targets/x86_64-linux/lib"
#$ CUDAFE_FLAGS=
#$ PTXAS_FLAGS=
#$ rm tmp/a_dlink.reg.c
#$ gcc -D__CUDA_ARCH_LIST__=520 -D__NV_LEGACY_LAUNCH -E -x c++ -D__CUDACC__ -D__NVCC__  "-I/usr/local/cuda/bin/../targets/x86_64-linux/include"    -D__CUDACC_VER_MAJOR__=12 -D__CUDACC_VER_MINOR__=4 -D__CUDACC_VER_BUILD__=131 -D__CUDA_API_VER_MAJOR__=12 -D__CUDA_API_VER_MINOR__=4 -D__NVCC_DIAG_PRAGMA_SUPPORT__=1 -include "cuda_runtime.h" -m64 "CMakeCUDACompilerId.cu" -o "tmp/CMakeCUDACompilerId.cpp4.ii" 
#$ cudafe++ --c++17 --gnu_version=110400 --display_error_number --orig_src_file_name "CMakeCUDACompilerId.cu" --orig_src_path_name "/home/tommy/Eikonal_Project/Eikonal-Cuda-Cesaroni-Tonarelli-Trabacchin/build/CMakeFiles/3.20.5/CompilerIdCUDA/CMakeCUDACompilerId.cu" --allow_managed  --m64 --parse_templates --gen_c_file_name "tmp/CMakeCUDACompilerId.cudafe1.cpp" --stub_file_name "CMakeCUDACompilerId.cudafe1.stub.c" --gen_module_id_file --module_id_file_name "tmp/CMakeCUDACompilerId.module_id" "tmp/CMakeCUDACompilerId.cpp4.ii" 
#$ gcc -D__CUDA_ARCH__=520 -D__CUDA_ARCH_LIST__=520 -D__NV_LEGACY_LAUNCH -E -x c++  -DCUDA_DOUBLE_MATH_FUNCTIONS -D__CUDACC__ -D__NVCC__  "-I/usr/local/cuda/bin/../targets/x86_64-linux/include"    -D__CUDACC_VER_MAJOR__=12 -D__CUDACC_VER_MINOR__=4 -D__CUDACC_VER_BUILD__=131 -D__CUDA_API_VER_MAJOR__=12 -D__CUDA_API_VER_MINOR__=4 -D__NVCC_DIAG_PRAGMA_SUPPORT__=1 -include "cuda_runtime.h" -m64 "CMakeCUDACompilerId.cu" -o "tmp/CMakeCUDACompilerId.cpp1.ii" 
#$ cicc --c++17 --gnu_version=110400 --display_error_number --orig_src_file_name "CMakeCUDACompilerId.cu" --orig_src_path_name "/home/tommy/Eikonal_Project/Eikonal-Cuda-Cesaroni-Tonarelli-Trabacchin/build/CMakeFiles/3.20.5/CompilerIdCUDA/CMakeCUDACompilerId.cu" --allow_managed   -arch compute_52 -m64 --no-version-ident -ftz=0 -prec_div=1 -prec_sqrt=1 -fmad=1 --include_file_name "CMakeCUDACompilerId.fatbin.c" -tused --module_id_file_name "tmp/CMakeCUDACompilerId.module_id" --gen_c_file_name "tmp/CMakeCUDACompilerId.cudafe1.c" --stub_file_name "tmp/CMakeCUDACompilerId.cudafe1.stub.c" --gen_device_file_name "tmp/CMakeCUDACompilerId.cudafe1.gpu"  "tmp/CMakeCUDACompilerId.cpp1.ii" -o "tmp/CMakeCUDACompilerId.ptx"
#$ ptxas -arch=sm_52 -m64  "tmp/CMakeCUDACompilerId.ptx"  -o "tmp/CMakeCUDACompilerId.sm_52.cubin" 
#$ fatbinary --create="tmp/CMakeCUDACompilerId.fatbin" -64 --cicc-cmdline="-ftz=0 -prec_div=1 -prec_sqrt=1 -fmad=1 " "--image3=kind=elf,sm=52,file=tmp/CMakeCUDACompilerId.sm_52.cubin" "--image3=kind=ptx,sm=52,file=tmp/CMakeCUDACompilerId.ptx" --embedded-fatbin="tmp/CMakeCUDACompilerId.fatbin.c" 
#$ gcc -D__CUDA_ARCH__=520 -D__CUDA_ARCH_LIST__=520 -D__NV_LEGACY_LAUNCH -c -x c++  -DCUDA_DOUBLE_MATH_FUNCTIONS -Wno-psabi "-I/usr/local/cuda/bin/../targets/x86_64-linux/include"   -m64 "tmp/CMakeCUDACompilerId.cudafe1.cpp" -o "tmp/CMakeCUDACompilerId.o" 
#$ nvlink -m64 --arch=sm_52 --register-link-binaries="tmp/a_dlink.reg.c"    "-L/usr/local/cuda/bin/../targets/x86_64-linux/lib/stubs" "-L/usr/local/cuda/bin/../targets/x86_64-linux/lib" -cpu-arch=X86_64 "tmp/CMakeCUDACompilerId.o"  -lcudadevrt  -o "tmp/a_dlink.sm_52.cubin" --host-ccbin "gcc"
#$ fatbinary --create="tmp/a_dlink.fatbin" -64 --cicc-cmdline="-ftz=0 -prec_div=1 -prec_sqrt=1 -fmad=1 " -link "--image3=kind=elf,sm=52,file=tmp/a_dlink.sm_52.cubin" --embedded-fatbin="tmp/a_dlink.fatbin.c" 
#$ gcc -D__CUDA_ARCH_LIST__=520 -D__NV_LEGACY_LAUNCH -c -x c++ -DFATBINFILE="\"tmp/a_dlink.fatbin.c\"" -DREGISTERLINKBINARYFILE="\"tmp/a_dlink.reg.c\"" -I. -D__NV_EXTRA_INITIALIZATION= -D__NV_EXTRA_FINALIZATION= -D__CUDA_INCLUDE_COMPILER_INTERNAL_HEADERS__  -Wno-psabi "-I/usr/local/cuda/bin/../targets/x86_64-linux/include"    -D__CUDACC_VER_MAJOR__=12 -D__CUDACC_VER_MINOR__=4 -D__CUDACC_VER_BUILD__=131 -D__CUDA_API_VER_MAJOR__=12 -D__CUDA_API_VER_MINOR__=4 -D__NVCC_DIAG_PRAGMA_SUPPORT__=1 -m64 "/usr/local/cuda/bin/crt/link.stub" -o "tmp/a_dlink.o" 
#$ g++ -D__CUDA_ARCH_LIST__=520 -D__NV_LEGACY_LAUNCH -m64 -Wl,--start-group "tmp/a_dlink.o" "tmp/CMakeCUDACompilerId.o"   "-L/usr/local/cuda/bin/../targets/x86_64-linux/lib/stubs" "-L/usr/local/cuda/bin/../targets/x86_64-linux/lib"  -lcudadevrt  -lcudart_static  -lrt -lpthread  -ldl  -Wl,--end-group -o "a.out" 


Compilation of the CUDA compiler identification source "CMakeCUDACompilerId.cu" produced "a.out"

The CUDA compiler identification is NVIDIA, found in "/home/tommy/Eikonal_Project/Eikonal-Cuda-Cesaroni-Tonarelli-Trabacchin/build/CMakeFiles/3.20.5/CompilerIdCUDA/a.out"

Parsed CUDA nvcc implicit link information from above output:
  found 'PATH=' string: [/usr/local/cuda/bin/../nvvm/bin:/usr/local/cuda/bin:/usr/local/cuda/bin:/usr/local/sbin:/usr/local/bin:/usr/sbin:/usr/bin:/sbin:/bin:/usr/games:/usr/local/games:/snap/bin:/u/sw/toolchains/gcc-glibc/11.2.0/base/bin:/u/sw/toolchains/gcc-glibc/11.2.0/prefix/bin:/usr/bin:/bin]
  found 'LIBRARIES=' string: ["-L/usr/local/cuda/bin/../targets/x86_64-linux/lib/stubs" "-L/usr/local/cuda/bin/../targets/x86_64-linux/lib"]
  considering line: [#$ rm tmp/a_dlink.reg.c]
  considering line: [gcc -D__CUDA_ARCH_LIST__=520 -D__NV_LEGACY_LAUNCH -E -x c++ -D__CUDACC__ -D__NVCC__  "-I/usr/local/cuda/bin/../targets/x86_64-linux/include"    -D__CUDACC_VER_MAJOR__=12 -D__CUDACC_VER_MINOR__=4 -D__CUDACC_VER_BUILD__=131 -D__CUDA_API_VER_MAJOR__=12 -D__CUDA_API_VER_MINOR__=4 -D__NVCC_DIAG_PRAGMA_SUPPORT__=1 -include "cuda_runtime.h" -m64 "CMakeCUDACompilerId.cu" -o "tmp/CMakeCUDACompilerId.cpp4.ii" ]
  considering line: [cudafe++ --c++17 --gnu_version=110400 --display_error_number --orig_src_file_name "CMakeCUDACompilerId.cu" --orig_src_path_name "/home/tommy/Eikonal_Project/Eikonal-Cuda-Cesaroni-Tonarelli-Trabacchin/build/CMakeFiles/3.20.5/CompilerIdCUDA/CMakeCUDACompilerId.cu" --allow_managed  --m64 --parse_templates --gen_c_file_name "tmp/CMakeCUDACompilerId.cudafe1.cpp" --stub_file_name "CMakeCUDACompilerId.cudafe1.stub.c" --gen_module_id_file --module_id_file_name "tmp/CMakeCUDACompilerId.module_id" "tmp/CMakeCUDACompilerId.cpp4.ii" ]
  considering line: [gcc -D__CUDA_ARCH__=520 -D__CUDA_ARCH_LIST__=520 -D__NV_LEGACY_LAUNCH -E -x c++  -DCUDA_DOUBLE_MATH_FUNCTIONS -D__CUDACC__ -D__NVCC__  "-I/usr/local/cuda/bin/../targets/x86_64-linux/include"    -D__CUDACC_VER_MAJOR__=12 -D__CUDACC_VER_MINOR__=4 -D__CUDACC_VER_BUILD__=131 -D__CUDA_API_VER_MAJOR__=12 -D__CUDA_API_VER_MINOR__=4 -D__NVCC_DIAG_PRAGMA_SUPPORT__=1 -include "cuda_runtime.h" -m64 "CMakeCUDACompilerId.cu" -o "tmp/CMakeCUDACompilerId.cpp1.ii" ]
  considering line: [cicc --c++17 --gnu_version=110400 --display_error_number --orig_src_file_name "CMakeCUDACompilerId.cu" --orig_src_path_name "/home/tommy/Eikonal_Project/Eikonal-Cuda-Cesaroni-Tonarelli-Trabacchin/build/CMakeFiles/3.20.5/CompilerIdCUDA/CMakeCUDACompilerId.cu" --allow_managed   -arch compute_52 -m64 --no-version-ident -ftz=0 -prec_div=1 -prec_sqrt=1 -fmad=1 --include_file_name "CMakeCUDACompilerId.fatbin.c" -tused --module_id_file_name "tmp/CMakeCUDACompilerId.module_id" --gen_c_file_name "tmp/CMakeCUDACompilerId.cudafe1.c" --stub_file_name "tmp/CMakeCUDACompilerId.cudafe1.stub.c" --gen_device_file_name "tmp/CMakeCUDACompilerId.cudafe1.gpu"  "tmp/CMakeCUDACompilerId.cpp1.ii" -o "tmp/CMakeCUDACompilerId.ptx"]
  considering line: [ptxas -arch=sm_52 -m64  "tmp/CMakeCUDACompilerId.ptx"  -o "tmp/CMakeCUDACompilerId.sm_52.cubin" ]
  considering line: [fatbinary --create="tmp/CMakeCUDACompilerId.fatbin" -64 --cicc-cmdline="-ftz=0 -prec_div=1 -prec_sqrt=1 -fmad=1 " "--image3=kind=elf,sm=52,file=tmp/CMakeCUDACompilerId.sm_52.cubin" "--image3=kind=ptx,sm=52,file=tmp/CMakeCUDACompilerId.ptx" --embedded-fatbin="tmp/CMakeCUDACompilerId.fatbin.c" ]
  considering line: [gcc -D__CUDA_ARCH__=520 -D__CUDA_ARCH_LIST__=520 -D__NV_LEGACY_LAUNCH -c -x c++  -DCUDA_DOUBLE_MATH_FUNCTIONS -Wno-psabi "-I/usr/local/cuda/bin/../targets/x86_64-linux/include"   -m64 "tmp/CMakeCUDACompilerId.cudafe1.cpp" -o "tmp/CMakeCUDACompilerId.o" ]
  considering line: [nvlink -m64 --arch=sm_52 --register-link-binaries="tmp/a_dlink.reg.c"    "-L/usr/local/cuda/bin/../targets/x86_64-linux/lib/stubs" "-L/usr/local/cuda/bin/../targets/x86_64-linux/lib" -cpu-arch=X86_64 "tmp/CMakeCUDACompilerId.o"  -lcudadevrt  -o "tmp/a_dlink.sm_52.cubin" --host-ccbin "gcc"]
    ignoring nvlink line
  considering line: [fatbinary --create="tmp/a_dlink.fatbin" -64 --cicc-cmdline="-ftz=0 -prec_div=1 -prec_sqrt=1 -fmad=1 " -link "--image3=kind=elf,sm=52,file=tmp/a_dlink.sm_52.cubin" --embedded-fatbin="tmp/a_dlink.fatbin.c" ]
  considering line: [gcc -D__CUDA_ARCH_LIST__=520 -D__NV_LEGACY_LAUNCH -c -x c++ -DFATBINFILE="\"tmp/a_dlink.fatbin.c\"" -DREGISTERLINKBINARYFILE="\"tmp/a_dlink.reg.c\"" -I. -D__NV_EXTRA_INITIALIZATION= -D__NV_EXTRA_FINALIZATION= -D__CUDA_INCLUDE_COMPILER_INTERNAL_HEADERS__  -Wno-psabi "-I/usr/local/cuda/bin/../targets/x86_64-linux/include"    -D__CUDACC_VER_MAJOR__=12 -D__CUDACC_VER_MINOR__=4 -D__CUDACC_VER_BUILD__=131 -D__CUDA_API_VER_MAJOR__=12 -D__CUDA_API_VER_MINOR__=4 -D__NVCC_DIAG_PRAGMA_SUPPORT__=1 -m64 "/usr/local/cuda/bin/crt/link.stub" -o "tmp/a_dlink.o" ]
  considering line: [g++ -D__CUDA_ARCH_LIST__=520 -D__NV_LEGACY_LAUNCH -m64 -Wl,--start-group "tmp/a_dlink.o" "tmp/CMakeCUDACompilerId.o"   "-L/usr/local/cuda/bin/../targets/x86_64-linux/lib/stubs" "-L/usr/local/cuda/bin/../targets/x86_64-linux/lib"  -lcudadevrt  -lcudart_static  -lrt -lpthread  -ldl  -Wl,--end-group -o "a.out" ]
    extracted link line: [g++ -D__CUDA_ARCH_LIST__=520 -D__NV_LEGACY_LAUNCH -m64 -Wl,--start-group "tmp/a_dlink.o" "tmp/CMakeCUDACompilerId.o"   "-L/usr/local/cuda/bin/../targets/x86_64-linux/lib/stubs" "-L/usr/local/cuda/bin/../targets/x86_64-linux/lib"  -lcudadevrt  -lcudart_static  -lrt -lpthread  -ldl  -Wl,--end-group -o "a.out" ]
  considering line: []
  extracted link launcher name: [g++]
  found link launcher absolute path: [/usr/bin/g++]

  link line regex: [^( *|.*[/\])(ld|CMAKE_LINK_STARTFILE-NOTFOUND|([^/\]+-)?ld|collect2)[^/\]*( |$)]
  link line: [cuda-fake-ld g++ -D__CUDA_ARCH_LIST__=520 -D__NV_LEGACY_LAUNCH -m64 -Wl,--start-group "tmp/a_dlink.o" "tmp/CMakeCUDACompilerId.o"   "-L/usr/local/cuda/bin/../targets/x86_64-linux/lib/stubs" "-L/usr/local/cuda/bin/../targets/x86_64-linux/lib"  -lcudadevrt  -lcudart_static  -lrt -lpthread  -ldl  -Wl,--end-group -o "a.out" ]
    arg [cuda-fake-ld] ==> ignore
    arg [g++] ==> ignore
    arg [-D__CUDA_ARCH_LIST__=520] ==> ignore
    arg [-D__NV_LEGACY_LAUNCH] ==> ignore
    arg [-m64] ==> ignore
    arg [-Wl,--start-group] ==> ignore
    arg [tmp/a_dlink.o] ==> ignore
    arg [tmp/CMakeCUDACompilerId.o] ==> ignore
    arg [-L/usr/local/cuda/bin/../targets/x86_64-linux/lib/stubs] ==> dir [/usr/local/cuda/bin/../targets/x86_64-linux/lib/stubs]
    arg [-L/usr/local/cuda/bin/../targets/x86_64-linux/lib] ==> dir [/usr/local/cuda/bin/../targets/x86_64-linux/lib]
    arg [-lcudadevrt] ==> lib [cudadevrt]
    arg [-lcudart_static] ==> lib [cudart_static]
    arg [-lrt] ==> lib [rt]
    arg [-lpthread] ==> lib [pthread]
    arg [-ldl] ==> lib [dl]
    arg [-Wl,--end-group] ==> ignore
    arg [-o] ==> ignore
    arg [a.out] ==> ignore
  collapse library dir [/usr/local/cuda/bin/../targets/x86_64-linux/lib/stubs] ==> [/usr/local/cuda/targets/x86_64-linux/lib/stubs]
  collapse library dir [/usr/local/cuda/bin/../targets/x86_64-linux/lib] ==> [/usr/local/cuda/targets/x86_64-linux/lib]
  implicit libs: [cudadevrt;cudart_static;rt;pthread;dl]
  implicit objs: []
  implicit dirs: [/usr/local/cuda/targets/x86_64-linux/lib/stubs;/usr/local/cuda/targets/x86_64-linux/lib]
  implicit fwks: []


Parsed CUDA nvcc include information from above output:
  found 'PATH=' string: [/usr/local/cuda/bin/../nvvm/bin:/usr/local/cuda/bin:/usr/local/cuda/bin:/usr/local/sbin:/usr/local/bin:/usr/sbin:/usr/bin:/sbin:/bin:/usr/games:/usr/local/games:/snap/bin:/u/sw/toolchains/gcc-glibc/11.2.0/base/bin:/u/sw/toolchains/gcc-glibc/11.2.0/prefix/bin:/usr/bin:/bin]
  found 'LIBRARIES=' string: ["-L/usr/local/cuda/bin/../targets/x86_64-linux/lib/stubs" "-L/usr/local/cuda/bin/../targets/x86_64-linux/lib"]
  considering line: [#$ rm tmp/a_dlink.reg.c]
  considering line: [gcc -D__CUDA_ARCH_LIST__=520 -D__NV_LEGACY_LAUNCH -E -x c++ -D__CUDACC__ -D__NVCC__  "-I/usr/local/cuda/bin/../targets/x86_64-linux/include"    -D__CUDACC_VER_MAJOR__=12 -D__CUDACC_VER_MINOR__=4 -D__CUDACC_VER_BUILD__=131 -D__CUDA_API_VER_MAJOR__=12 -D__CUDA_API_VER_MINOR__=4 -D__NVCC_DIAG_PRAGMA_SUPPORT__=1 -include "cuda_runtime.h" -m64 "CMakeCUDACompilerId.cu" -o "tmp/CMakeCUDACompilerId.cpp4.ii" ]
  considering line: [cudafe++ --c++17 --gnu_version=110400 --display_error_number --orig_src_file_name "CMakeCUDACompilerId.cu" --orig_src_path_name "/home/tommy/Eikonal_Project/Eikonal-Cuda-Cesaroni-Tonarelli-Trabacchin/build/CMakeFiles/3.20.5/CompilerIdCUDA/CMakeCUDACompilerId.cu" --allow_managed  --m64 --parse_templates --gen_c_file_name "tmp/CMakeCUDACompilerId.cudafe1.cpp" --stub_file_name "CMakeCUDACompilerId.cudafe1.stub.c" --gen_module_id_file --module_id_file_name "tmp/CMakeCUDACompilerId.module_id" "tmp/CMakeCUDACompilerId.cpp4.ii" ]
  considering line: [gcc -D__CUDA_ARCH__=520 -D__CUDA_ARCH_LIST__=520 -D__NV_LEGACY_LAUNCH -E -x c++  -DCUDA_DOUBLE_MATH_FUNCTIONS -D__CUDACC__ -D__NVCC__  "-I/usr/local/cuda/bin/../targets/x86_64-linux/include"    -D__CUDACC_VER_MAJOR__=12 -D__CUDACC_VER_MINOR__=4 -D__CUDACC_VER_BUILD__=131 -D__CUDA_API_VER_MAJOR__=12 -D__CUDA_API_VER_MINOR__=4 -D__NVCC_DIAG_PRAGMA_SUPPORT__=1 -include "cuda_runtime.h" -m64 "CMakeCUDACompilerId.cu" -o "tmp/CMakeCUDACompilerId.cpp1.ii" ]
  considering line: [cicc --c++17 --gnu_version=110400 --display_error_number --orig_src_file_name "CMakeCUDACompilerId.cu" --orig_src_path_name "/home/tommy/Eikonal_Project/Eikonal-Cuda-Cesaroni-Tonarelli-Trabacchin/build/CMakeFiles/3.20.5/CompilerIdCUDA/CMakeCUDACompilerId.cu" --allow_managed   -arch compute_52 -m64 --no-version-ident -ftz=0 -prec_div=1 -prec_sqrt=1 -fmad=1 --include_file_name "CMakeCUDACompilerId.fatbin.c" -tused --module_id_file_name "tmp/CMakeCUDACompilerId.module_id" --gen_c_file_name "tmp/CMakeCUDACompilerId.cudafe1.c" --stub_file_name "tmp/CMakeCUDACompilerId.cudafe1.stub.c" --gen_device_file_name "tmp/CMakeCUDACompilerId.cudafe1.gpu"  "tmp/CMakeCUDACompilerId.cpp1.ii" -o "tmp/CMakeCUDACompilerId.ptx"]
  considering line: [ptxas -arch=sm_52 -m64  "tmp/CMakeCUDACompilerId.ptx"  -o "tmp/CMakeCUDACompilerId.sm_52.cubin" ]
  considering line: [fatbinary --create="tmp/CMakeCUDACompilerId.fatbin" -64 --cicc-cmdline="-ftz=0 -prec_div=1 -prec_sqrt=1 -fmad=1 " "--image3=kind=elf,sm=52,file=tmp/CMakeCUDACompilerId.sm_52.cubin" "--image3=kind=ptx,sm=52,file=tmp/CMakeCUDACompilerId.ptx" --embedded-fatbin="tmp/CMakeCUDACompilerId.fatbin.c" ]
  considering line: [gcc -D__CUDA_ARCH__=520 -D__CUDA_ARCH_LIST__=520 -D__NV_LEGACY_LAUNCH -c -x c++  -DCUDA_DOUBLE_MATH_FUNCTIONS -Wno-psabi "-I/usr/local/cuda/bin/../targets/x86_64-linux/include"   -m64 "tmp/CMakeCUDACompilerId.cudafe1.cpp" -o "tmp/CMakeCUDACompilerId.o" ]
  considering line: [nvlink -m64 --arch=sm_52 --register-link-binaries="tmp/a_dlink.reg.c"    "-L/usr/local/cuda/bin/../targets/x86_64-linux/lib/stubs" "-L/usr/local/cuda/bin/../targets/x86_64-linux/lib" -cpu-arch=X86_64 "tmp/CMakeCUDACompilerId.o"  -lcudadevrt  -o "tmp/a_dlink.sm_52.cubin" --host-ccbin "gcc"]
    ignoring nvlink line
  considering line: [fatbinary --create="tmp/a_dlink.fatbin" -64 --cicc-cmdline="-ftz=0 -prec_div=1 -prec_sqrt=1 -fmad=1 " -link "--image3=kind=elf,sm=52,file=tmp/a_dlink.sm_52.cubin" --embedded-fatbin="tmp/a_dlink.fatbin.c" ]
  considering line: [gcc -D__CUDA_ARCH_LIST__=520 -D__NV_LEGACY_LAUNCH -c -x c++ -DFATBINFILE="\"tmp/a_dlink.fatbin.c\"" -DREGISTERLINKBINARYFILE="\"tmp/a_dlink.reg.c\"" -I. -D__NV_EXTRA_INITIALIZATION= -D__NV_EXTRA_FINALIZATION= -D__CUDA_INCLUDE_COMPILER_INTERNAL_HEADERS__  -Wno-psabi "-I/usr/local/cuda/bin/../targets/x86_64-linux/include"    -D__CUDACC_VER_MAJOR__=12 -D__CUDACC_VER_MINOR__=4 -D__CUDACC_VER_BUILD__=131 -D__CUDA_API_VER_MAJOR__=12 -D__CUDA_API_VER_MINOR__=4 -D__NVCC_DIAG_PRAGMA_SUPPORT__=1 -m64 "/usr/local/cuda/bin/crt/link.stub" -o "tmp/a_dlink.o" ]
  considering line: [g++ -D__CUDA_ARCH_LIST__=520 -D__NV_LEGACY_LAUNCH -m64 -Wl,--start-group "tmp/a_dlink.o" "tmp/CMakeCUDACompilerId.o"   "-L/usr/local/cuda/bin/../targets/x86_64-linux/lib/stubs" "-L/usr/local/cuda/bin/../targets/x86_64-linux/lib"  -lcudadevrt  -lcudart_static  -lrt -lpthread  -ldl  -Wl,--end-group -o "a.out" ]
    extracted link line: [g++ -D__CUDA_ARCH_LIST__=520 -D__NV_LEGACY_LAUNCH -m64 -Wl,--start-group "tmp/a_dlink.o" "tmp/CMakeCUDACompilerId.o"   "-L/usr/local/cuda/bin/../targets/x86_64-linux/lib/stubs" "-L/usr/local/cuda/bin/../targets/x86_64-linux/lib"  -lcudadevrt  -lcudart_static  -lrt -lpthread  -ldl  -Wl,--end-group -o "a.out" ]
  considering line: []
  extracted link launcher name: [g++]
  found link launcher absolute path: [/usr/bin/g++]
  found 'INCLUDES=' string: ["-I/usr/local/cuda/bin/../targets/x86_64-linux/include"  ]

  link line regex: [^( *|.*[/\])(ld|CMAKE_LINK_STARTFILE-NOTFOUND|([^/\]+-)?ld|collect2)[^/\]*( |$)]
  link line: [cuda-fake-ld g++ -D__CUDA_ARCH_LIST__=520 -D__NV_LEGACY_LAUNCH -m64 -Wl,--start-group "tmp/a_dlink.o" "tmp/CMakeCUDACompilerId.o"   "-L/usr/local/cuda/bin/../targets/x86_64-linux/lib/stubs" "-L/usr/local/cuda/bin/../targets/x86_64-linux/lib"  -lcudadevrt  -lcudart_static  -lrt -lpthread  -ldl  -Wl,--end-group -o "a.out" ]
    arg [cuda-fake-ld] ==> ignore
    arg [g++] ==> ignore
    arg [-D__CUDA_ARCH_LIST__=520] ==> ignore
    arg [-D__NV_LEGACY_LAUNCH] ==> ignore
    arg [-m64] ==> ignore
    arg [-Wl,--start-group] ==> ignore
    arg [tmp/a_dlink.o] ==> ignore
    arg [tmp/CMakeCUDACompilerId.o] ==> ignore
    arg [-L/usr/local/cuda/bin/../targets/x86_64-linux/lib/stubs] ==> dir [/usr/local/cuda/bin/../targets/x86_64-linux/lib/stubs]
    arg [-L/usr/local/cuda/bin/../targets/x86_64-linux/lib] ==> dir [/usr/local/cuda/bin/../targets/x86_64-linux/lib]
    arg [-lcudadevrt] ==> lib [cudadevrt]
    arg [-lcudart_static] ==> lib [cudart_static]
    arg [-lrt] ==> lib [rt]
    arg [-lpthread] ==> lib [pthread]
    arg [-ldl] ==> lib [dl]
    arg [-Wl,--end-group] ==> ignore
    arg [-o] ==> ignore
    arg [a.out] ==> ignore
  collapse library dir [/usr/local/cuda/bin/../targets/x86_64-linux/lib/stubs] ==> [/usr/local/cuda/targets/x86_64-linux/lib/stubs]
  collapse library dir [/usr/local/cuda/bin/../targets/x86_64-linux/lib] ==> [/usr/local/cuda/targets/x86_64-linux/lib]
  implicit libs: [cudadevrt;cudart_static;rt;pthread;dl]
  implicit objs: []
  implicit dirs: [/usr/local/cuda/targets/x86_64-linux/lib/stubs;/usr/local/cuda/targets/x86_64-linux/lib]
  implicit fwks: []


Detecting CUDA compiler ABI info compiled with the following output:
Change Dir: /home/tommy/Eikonal_Project/Eikonal-Cuda-Cesaroni-Tonarelli-Trabacchin/build/CMakeFiles/CMakeTmp

Run Build Command(s):/usr/bin/gmake -f Makefile cmTC_42bd4/fast && /usr/bin/gmake  -f CMakeFiles/cmTC_42bd4.dir/build.make CMakeFiles/cmTC_42bd4.dir/build
gmake[1]: Entering directory '/home/tommy/Eikonal_Project/Eikonal-Cuda-Cesaroni-Tonarelli-Trabacchin/build/CMakeFiles/CMakeTmp'
Building CUDA object CMakeFiles/cmTC_42bd4.dir/CMakeCUDACompilerABI.cu.o
/usr/local/cuda/bin/nvcc -forward-unknown-to-host-compiler   --generate-code=arch=compute_52,code=[compute_52,sm_52]   -Xcompiler=-v -MD -MT CMakeFiles/cmTC_42bd4.dir/CMakeCUDACompilerABI.cu.o -MF CMakeFiles/cmTC_42bd4.dir/CMakeCUDACompilerABI.cu.o.d -x cu -c /u/sw/toolchains/gcc-glibc/11.2.0/base/share/cmake-3.20/Modules/CMakeCUDACompilerABI.cu -o CMakeFiles/cmTC_42bd4.dir/CMakeCUDACompilerABI.cu.o
Using built-in specs.
COLLECT_GCC=gcc
OFFLOAD_TARGET_NAMES=nvptx-none:amdgcn-amdhsa
OFFLOAD_TARGET_DEFAULT=1
Target: x86_64-linux-gnu
Configured with: ../src/configure -v --with-pkgversion='Ubuntu 11.4.0-1ubuntu1~22.04' --with-bugurl=file:///usr/share/doc/gcc-11/README.Bugs --enable-languages=c,ada,c++,go,brig,d,fortran,objc,obj-c++,m2 --prefix=/usr --with-gcc-major-version-only --program-suffix=-11 --program-prefix=x86_64-linux-gnu- --enable-shared --enable-linker-build-id --libexecdir=/usr/lib --without-included-gettext --enable-threads=posix --libdir=/usr/lib --enable-nls --enable-bootstrap --enable-clocale=gnu --enable-libstdcxx-debug --enable-libstdcxx-time=yes --with-default-libstdcxx-abi=new --enable-gnu-unique-object --disable-vtable-verify --enable-plugin --enable-default-pie --with-system-zlib --enable-libphobos-checking=release --with-target-system-zlib=auto --enable-objc-gc=auto --enable-multiarch --disable-werror --enable-cet --with-arch-32=i686 --with-abi=m64 --with-multilib-list=m32,m64,mx32 --enable-multilib --with-tune=generic --enable-offload-targets=nvptx-none=/build/gcc-11-XeT9lY/gcc-11-11.4.0/debian/tmp-nvptx/usr,amdgcn-amdhsa=/build/gcc-11-XeT9lY/gcc-11-11.4.0/debian/tmp-gcn/usr --without-cuda-driver --enable-checking=release --build=x86_64-linux-gnu --host=x86_64-linux-gnu --target=x86_64-linux-gnu --with-build-config=bootstrap-lto-lean --enable-link-serialization=2
Thread model: posix
Supported LTO compression algorithms: zlib zstd
gcc version 11.4.0 (Ubuntu 11.4.0-1ubuntu1~22.04) 
COLLECT_GCC_OPTIONS='-D' '__CUDA_ARCH__=520' '-D' '__CUDA_ARCH_LIST__=520' '-D' '__NV_LEGACY_LAUNCH' '-E' '-D' 'CUDA_DOUBLE_MATH_FUNCTIONS' '-D' '__CUDACC__' '-D' '__NVCC__' '-v' '-I' '/usr/local/cuda/bin/../targets/x86_64-linux/include' '-D' '__CUDACC_VER_MAJOR__=12' '-D' '__CUDACC_VER_MINOR__=4' '-D' '__CUDACC_VER_BUILD__=131' '-D' '__CUDA_API_VER_MAJOR__=12' '-D' '__CUDA_API_VER_MINOR__=4' '-D' '__NVCC_DIAG_PRAGMA_SUPPORT__=1' '-include' 'cuda_runtime.h' '-m64' '-o' '/tmp/tmpxft_00013e58_00000000-7_CMakeCUDACompilerABI.cpp1.ii' '-mtune=generic' '-march=x86-64' '-dumpdir' '/tmp/'
 /usr/lib/gcc/x86_64-linux-gnu/11/cc1plus -E -quiet -v -I /usr/local/cuda/bin/../targets/x86_64-linux/include -imultiarch x86_64-linux-gnu -D_GNU_SOURCE -D __CUDA_ARCH__=520 -D __CUDA_ARCH_LIST__=520 -D __NV_LEGACY_LAUNCH -D CUDA_DOUBLE_MATH_FUNCTIONS -D __CUDACC__ -D __NVCC__ -D __CUDACC_VER_MAJOR__=12 -D __CUDACC_VER_MINOR__=4 -D __CUDACC_VER_BUILD__=131 -D __CUDA_API_VER_MAJOR__=12 -D __CUDA_API_VER_MINOR__=4 -D __NVCC_DIAG_PRAGMA_SUPPORT__=1 -include cuda_runtime.h /u/sw/toolchains/gcc-glibc/11.2.0/base/share/cmake-3.20/Modules/CMakeCUDACompilerABI.cu -o /tmp/tmpxft_00013e58_00000000-7_CMakeCUDACompilerABI.cpp1.ii -m64 -mtune=generic -march=x86-64 -fasynchronous-unwind-tables -fstack-protector-strong -Wformat -Wformat-security -fstack-clash-protection -fcf-protection -dumpdir /tmp/ -dumpbase tmpxft_00013e58_00000000-7_CMakeCUDACompilerABI.cpp1.cu -dumpbase-ext .cu
ignoring duplicate directory "/usr/include/x86_64-linux-gnu/c++/11"
ignoring nonexistent directory "/usr/local/include/x86_64-linux-gnu"
ignoring nonexistent directory "/usr/lib/gcc/x86_64-linux-gnu/11/include-fixed"
ignoring nonexistent directory "/usr/lib/gcc/x86_64-linux-gnu/11/../../../../x86_64-linux-gnu/include"
#include "..." search starts here:
#include <...> search starts here:
 /usr/local/cuda/bin/../targets/x86_64-linux/include
 /usr/include/c++/11
 /usr/include/x86_64-linux-gnu/c++/11
 /usr/include/c++/11/backward
 /usr/lib/gcc/x86_64-linux-gnu/11/include
 /usr/local/include
 /usr/include/x86_64-linux-gnu
 /usr/include
End of search list.
COMPILER_PATH=/usr/lib/gcc/x86_64-linux-gnu/11/:/usr/lib/gcc/x86_64-linux-gnu/11/:/usr/lib/gcc/x86_64-linux-gnu/:/usr/lib/gcc/x86_64-linux-gnu/11/:/usr/lib/gcc/x86_64-linux-gnu/
LIBRARY_PATH=/usr/lib/gcc/x86_64-linux-gnu/11/:/usr/lib/gcc/x86_64-linux-gnu/11/../../../x86_64-linux-gnu/:/usr/lib/gcc/x86_64-linux-gnu/11/../../../../lib/:/lib/x86_64-linux-gnu/:/lib/../lib/:/usr/lib/x86_64-linux-gnu/:/usr/lib/../lib/:/usr/lib/gcc/x86_64-linux-gnu/11/../../../:/lib/:/usr/lib/
COLLECT_GCC_OPTIONS='-D' '__CUDA_ARCH__=520' '-D' '__CUDA_ARCH_LIST__=520' '-D' '__NV_LEGACY_LAUNCH' '-E' '-D' 'CUDA_DOUBLE_MATH_FUNCTIONS' '-D' '__CUDACC__' '-D' '__NVCC__' '-v' '-I' '/usr/local/cuda/bin/../targets/x86_64-linux/include' '-D' '__CUDACC_VER_MAJOR__=12' '-D' '__CUDACC_VER_MINOR__=4' '-D' '__CUDACC_VER_BUILD__=131' '-D' '__CUDA_API_VER_MAJOR__=12' '-D' '__CUDA_API_VER_MINOR__=4' '-D' '__NVCC_DIAG_PRAGMA_SUPPORT__=1' '-include' 'cuda_runtime.h' '-m64' '-o' '/tmp/tmpxft_00013e58_00000000-7_CMakeCUDACompilerABI.cpp1.ii' '-mtune=generic' '-march=x86-64' '-dumpdir' '/tmp/tmpxft_00013e58_00000000-7_CMakeCUDACompilerABI.cpp1.'
Using built-in specs.
COLLECT_GCC=gcc
OFFLOAD_TARGET_NAMES=nvptx-none:amdgcn-amdhsa
OFFLOAD_TARGET_DEFAULT=1
Target: x86_64-linux-gnu
Configured with: ../src/configure -v --with-pkgversion='Ubuntu 11.4.0-1ubuntu1~22.04' --with-bugurl=file:///usr/share/doc/gcc-11/README.Bugs --enable-languages=c,ada,c++,go,brig,d,fortran,objc,obj-c++,m2 --prefix=/usr --with-gcc-major-version-only --program-suffix=-11 --program-prefix=x86_64-linux-gnu- --enable-shared --enable-linker-build-id --libexecdir=/usr/lib --without-included-gettext --enable-threads=posix --libdir=/usr/lib --enable-nls --enable-bootstrap --enable-clocale=gnu --enable-libstdcxx-debug --enable-libstdcxx-time=yes --with-default-libstdcxx-abi=new --enable-gnu-unique-object --disable-vtable-verify --enable-plugin --enable-default-pie --with-system-zlib --enable-libphobos-checking=release --with-target-system-zlib=auto --enable-objc-gc=auto --enable-multiarch --disable-werror --enable-cet --with-arch-32=i686 --with-abi=m64 --with-multilib-list=m32,m64,mx32 --enable-multilib --with-tune=generic --enable-offload-targets=nvptx-none=/build/gcc-11-XeT9lY/gcc-11-11.4.0/debian/tmp-nvptx/usr,amdgcn-amdhsa=/build/gcc-11-XeT9lY/gcc-11-11.4.0/debian/tmp-gcn/usr --without-cuda-driver --enable-checking=release --build=x86_64-linux-gnu --host=x86_64-linux-gnu --target=x86_64-linux-gnu --with-build-config=bootstrap-lto-lean --enable-link-serialization=2
Thread model: posix
Supported LTO compression algorithms: zlib zstd
gcc version 11.4.0 (Ubuntu 11.4.0-1ubuntu1~22.04) 
COLLECT_GCC_OPTIONS='-D' '__CUDA_ARCH_LIST__=520' '-D' '__NV_LEGACY_LAUNCH' '-E' '-D' '__CUDACC__' '-D' '__NVCC__' '-v' '-I' '/usr/local/cuda/bin/../targets/x86_64-linux/include' '-D' '__CUDACC_VER_MAJOR__=12' '-D' '__CUDACC_VER_MINOR__=4' '-D' '__CUDACC_VER_BUILD__=131' '-D' '__CUDA_API_VER_MAJOR__=12' '-D' '__CUDA_API_VER_MINOR__=4' '-D' '__NVCC_DIAG_PRAGMA_SUPPORT__=1' '-include' 'cuda_runtime.h' '-m64' '-o' '/tmp/tmpxft_00013e58_00000000-5_CMakeCUDACompilerABI.cpp4.ii' '-mtune=generic' '-march=x86-64' '-dumpdir' '/tmp/'
 /usr/lib/gcc/x86_64-linux-gnu/11/cc1plus -E -quiet -v -I /usr/local/cuda/bin/../targets/x86_64-linux/include -imultiarch x86_64-linux-gnu -D_GNU_SOURCE -D __CUDA_ARCH_LIST__=520 -D __NV_LEGACY_LAUNCH -D __CUDACC__ -D __NVCC__ -D __CUDACC_VER_MAJOR__=12 -D __CUDACC_VER_MINOR__=4 -D __CUDACC_VER_BUILD__=131 -D __CUDA_API_VER_MAJOR__=12 -D __CUDA_API_VER_MINOR__=4 -D __NVCC_DIAG_PRAGMA_SUPPORT__=1 -include cuda_runtime.h /u/sw/toolchains/gcc-glibc/11.2.0/base/share/cmake-3.20/Modules/CMakeCUDACompilerABI.cu -o /tmp/tmpxft_00013e58_00000000-5_CMakeCUDACompilerABI.cpp4.ii -m64 -mtune=generic -march=x86-64 -fasynchronous-unwind-tables -fstack-protector-strong -Wformat -Wformat-security -fstack-clash-protection -fcf-protection -dumpdir /tmp/ -dumpbase tmpxft_00013e58_00000000-5_CMakeCUDACompilerABI.cpp4.cu -dumpbase-ext .cu
ignoring duplicate directory "/usr/include/x86_64-linux-gnu/c++/11"
ignoring nonexistent directory "/usr/local/include/x86_64-linux-gnu"
ignoring nonexistent directory "/usr/lib/gcc/x86_64-linux-gnu/11/include-fixed"
ignoring nonexistent directory "/usr/lib/gcc/x86_64-linux-gnu/11/../../../../x86_64-linux-gnu/include"
#include "..." search starts here:
#include <...> search starts here:
 /usr/local/cuda/bin/../targets/x86_64-linux/include
 /usr/include/c++/11
 /usr/include/x86_64-linux-gnu/c++/11
 /usr/include/c++/11/backward
 /usr/lib/gcc/x86_64-linux-gnu/11/include
 /usr/local/include
 /usr/include/x86_64-linux-gnu
 /usr/include
End of search list.
COMPILER_PATH=/usr/lib/gcc/x86_64-linux-gnu/11/:/usr/lib/gcc/x86_64-linux-gnu/11/:/usr/lib/gcc/x86_64-linux-gnu/:/usr/lib/gcc/x86_64-linux-gnu/11/:/usr/lib/gcc/x86_64-linux-gnu/
LIBRARY_PATH=/usr/lib/gcc/x86_64-linux-gnu/11/:/usr/lib/gcc/x86_64-linux-gnu/11/../../../x86_64-linux-gnu/:/usr/lib/gcc/x86_64-linux-gnu/11/../../../../lib/:/lib/x86_64-linux-gnu/:/lib/../lib/:/usr/lib/x86_64-linux-gnu/:/usr/lib/../lib/:/usr/lib/gcc/x86_64-linux-gnu/11/../../../:/lib/:/usr/lib/
COLLECT_GCC_OPTIONS='-D' '__CUDA_ARCH_LIST__=520' '-D' '__NV_LEGACY_LAUNCH' '-E' '-D' '__CUDACC__' '-D' '__NVCC__' '-v' '-I' '/usr/local/cuda/bin/../targets/x86_64-linux/include' '-D' '__CUDACC_VER_MAJOR__=12' '-D' '__CUDACC_VER_MINOR__=4' '-D' '__CUDACC_VER_BUILD__=131' '-D' '__CUDA_API_VER_MAJOR__=12' '-D' '__CUDA_API_VER_MINOR__=4' '-D' '__NVCC_DIAG_PRAGMA_SUPPORT__=1' '-include' 'cuda_runtime.h' '-m64' '-o' '/tmp/tmpxft_00013e58_00000000-5_CMakeCUDACompilerABI.cpp4.ii' '-mtune=generic' '-march=x86-64' '-dumpdir' '/tmp/tmpxft_00013e58_00000000-5_CMakeCUDACompilerABI.cpp4.'
Using built-in specs.
COLLECT_GCC=gcc
OFFLOAD_TARGET_NAMES=nvptx-none:amdgcn-amdhsa
OFFLOAD_TARGET_DEFAULT=1
Target: x86_64-linux-gnu
Configured with: ../src/configure -v --with-pkgversion='Ubuntu 11.4.0-1ubuntu1~22.04' --with-bugurl=file:///usr/share/doc/gcc-11/README.Bugs --enable-languages=c,ada,c++,go,brig,d,fortran,objc,obj-c++,m2 --prefix=/usr --with-gcc-major-version-only --program-suffix=-11 --program-prefix=x86_64-linux-gnu- --enable-shared --enable-linker-build-id --libexecdir=/usr/lib --without-included-gettext --enable-threads=posix --libdir=/usr/lib --enable-nls --enable-bootstrap --enable-clocale=gnu --enable-libstdcxx-debug --enable-libstdcxx-time=yes --with-default-libstdcxx-abi=new --enable-gnu-unique-object --disable-vtable-verify --enable-plugin --enable-default-pie --with-system-zlib --enable-libphobos-checking=release --with-target-system-zlib=auto --enable-objc-gc=auto --enable-multiarch --disable-werror --enable-cet --with-arch-32=i686 --with-abi=m64 --with-multilib-list=m32,m64,mx32 --enable-multilib --with-tune=generic --enable-offload-targets=nvptx-none=/build/gcc-11-XeT9lY/gcc-11-11.4.0/debian/tmp-nvptx/usr,amdgcn-amdhsa=/build/gcc-11-XeT9lY/gcc-11-11.4.0/debian/tmp-gcn/usr --without-cuda-driver --enable-checking=release --build=x86_64-linux-gnu --host=x86_64-linux-gnu --target=x86_64-linux-gnu --with-build-config=bootstrap-lto-lean --enable-link-serialization=2
Thread model: posix
Supported LTO compression algorithms: zlib zstd
gcc version 11.4.0 (Ubuntu 11.4.0-1ubuntu1~22.04) 
COLLECT_GCC_OPTIONS='-D' '__CUDA_ARCH__=520' '-D' '__CUDA_ARCH_LIST__=520' '-D' '__NV_LEGACY_LAUNCH' '-c' '-D' 'CUDA_DOUBLE_MATH_FUNCTIONS' '-v' '-Wno-psabi' '-I' '/usr/local/cuda/bin/../targets/x86_64-linux/include' '-m64' '-o' 'CMakeFiles/cmTC_42bd4.dir/CMakeCUDACompilerABI.cu.o' '-mtune=generic' '-march=x86-64' '-dumpdir' 'CMakeFiles/cmTC_42bd4.dir/'
 /usr/lib/gcc/x86_64-linux-gnu/11/cc1plus -quiet -v -I /usr/local/cuda/bin/../targets/x86_64-linux/include -imultiarch x86_64-linux-gnu -D_GNU_SOURCE -D __CUDA_ARCH__=520 -D __CUDA_ARCH_LIST__=520 -D __NV_LEGACY_LAUNCH -D CUDA_DOUBLE_MATH_FUNCTIONS /tmp/tmpxft_00013e58_00000000-6_CMakeCUDACompilerABI.cudafe1.cpp -quiet -dumpdir CMakeFiles/cmTC_42bd4.dir/ -dumpbase CMakeCUDACompilerABI.cu.cpp -dumpbase-ext .cpp -m64 -mtune=generic -march=x86-64 -Wno-psabi -version -fasynchronous-unwind-tables -fstack-protector-strong -Wformat -Wformat-security -fstack-clash-protection -fcf-protection -o /tmp/ccripsdc.s
GNU C++17 (Ubuntu 11.4.0-1ubuntu1~22.04) version 11.4.0 (x86_64-linux-gnu)
	compiled by GNU C version 11.4.0, GMP version 6.2.1, MPFR version 4.1.0, MPC version 1.2.1, isl version isl-0.24-GMP

GGC heuristics: --param ggc-min-expand=100 --param ggc-min-heapsize=131072
ignoring duplicate directory "/usr/include/x86_64-linux-gnu/c++/11"
ignoring nonexistent directory "/usr/local/include/x86_64-linux-gnu"
ignoring nonexistent directory "/usr/lib/gcc/x86_64-linux-gnu/11/include-fixed"
ignoring nonexistent directory "/usr/lib/gcc/x86_64-linux-gnu/11/../../../../x86_64-linux-gnu/include"
#include "..." search starts here:
#include <...> search starts here:
 /usr/local/cuda/bin/../targets/x86_64-linux/include
 /usr/include/c++/11
 /usr/include/x86_64-linux-gnu/c++/11
 /usr/include/c++/11/backward
 /usr/lib/gcc/x86_64-linux-gnu/11/include
 /usr/local/include
 /usr/include/x86_64-linux-gnu
 /usr/include
End of search list.
GNU C++17 (Ubuntu 11.4.0-1ubuntu1~22.04) version 11.4.0 (x86_64-linux-gnu)
	compiled by GNU C version 11.4.0, GMP version 6.2.1, MPFR version 4.1.0, MPC version 1.2.1, isl version isl-0.24-GMP

GGC heuristics: --param ggc-min-expand=100 --param ggc-min-heapsize=131072
Compiler executable checksum: d591828bb4d392ae8b7b160e5bb0b95f
COLLECT_GCC_OPTIONS='-D' '__CUDA_ARCH__=520' '-D' '__CUDA_ARCH_LIST__=520' '-D' '__NV_LEGACY_LAUNCH' '-c' '-D' 'CUDA_DOUBLE_MATH_FUNCTIONS' '-v' '-Wno-psabi' '-I' '/usr/local/cuda/bin/../targets/x86_64-linux/include' '-m64' '-o' 'CMakeFiles/cmTC_42bd4.dir/CMakeCUDACompilerABI.cu.o' '-mtune=generic' '-march=x86-64' '-dumpdir' 'CMakeFiles/cmTC_42bd4.dir/'
 as -v -I /usr/local/cuda/bin/../targets/x86_64-linux/include --64 -o CMakeFiles/cmTC_42bd4.dir/CMakeCUDACompilerABI.cu.o /tmp/ccripsdc.s
GNU assembler version 2.38 (x86_64-linux-gnu) using BFD version (GNU Binutils for Ubuntu) 2.38
COMPILER_PATH=/usr/lib/gcc/x86_64-linux-gnu/11/:/usr/lib/gcc/x86_64-linux-gnu/11/:/usr/lib/gcc/x86_64-linux-gnu/:/usr/lib/gcc/x86_64-linux-gnu/11/:/usr/lib/gcc/x86_64-linux-gnu/
LIBRARY_PATH=/usr/lib/gcc/x86_64-linux-gnu/11/:/usr/lib/gcc/x86_64-linux-gnu/11/../../../x86_64-linux-gnu/:/usr/lib/gcc/x86_64-linux-gnu/11/../../../../lib/:/lib/x86_64-linux-gnu/:/lib/../lib/:/usr/lib/x86_64-linux-gnu/:/usr/lib/../lib/:/usr/lib/gcc/x86_64-linux-gnu/11/../../../:/lib/:/usr/lib/
COLLECT_GCC_OPTIONS='-D' '__CUDA_ARCH__=520' '-D' '__CUDA_ARCH_LIST__=520' '-D' '__NV_LEGACY_LAUNCH' '-c' '-D' 'CUDA_DOUBLE_MATH_FUNCTIONS' '-v' '-Wno-psabi' '-I' '/usr/local/cuda/bin/../targets/x86_64-linux/include' '-m64' '-o' 'CMakeFiles/cmTC_42bd4.dir/CMakeCUDACompilerABI.cu.o' '-mtune=generic' '-march=x86-64' '-dumpdir' 'CMakeFiles/cmTC_42bd4.dir/CMakeCUDACompilerABI.cu.'
Linking CUDA executable cmTC_42bd4
/u/sw/toolchains/gcc-glibc/11.2.0/base/bin/cmake -E cmake_link_script CMakeFiles/cmTC_42bd4.dir/link.txt --verbose=1
/usr/bin/g++  -v CMakeFiles/cmTC_42bd4.dir/CMakeCUDACompilerABI.cu.o -o cmTC_42bd4  -lcudadevrt -lcudart_static -lrt -lpthread -ldl  -L"/usr/local/cuda/targets/x86_64-linux/lib/stubs" -L"/usr/local/cuda/targets/x86_64-linux/lib"
Using built-in specs.
COLLECT_GCC=/usr/bin/g++
COLLECT_LTO_WRAPPER=/usr/lib/gcc/x86_64-linux-gnu/11/lto-wrapper
OFFLOAD_TARGET_NAMES=nvptx-none:amdgcn-amdhsa
OFFLOAD_TARGET_DEFAULT=1
Target: x86_64-linux-gnu
Configured with: ../src/configure -v --with-pkgversion='Ubuntu 11.4.0-1ubuntu1~22.04' --with-bugurl=file:///usr/share/doc/gcc-11/README.Bugs --enable-languages=c,ada,c++,go,brig,d,fortran,objc,obj-c++,m2 --prefix=/usr --with-gcc-major-version-only --program-suffix=-11 --program-prefix=x86_64-linux-gnu- --enable-shared --enable-linker-build-id --libexecdir=/usr/lib --without-included-gettext --enable-threads=posix --libdir=/usr/lib --enable-nls --enable-bootstrap --enable-clocale=gnu --enable-libstdcxx-debug --enable-libstdcxx-time=yes --with-default-libstdcxx-abi=new --enable-gnu-unique-object --disable-vtable-verify --enable-plugin --enable-default-pie --with-system-zlib --enable-libphobos-checking=release --with-target-system-zlib=auto --enable-objc-gc=auto --enable-multiarch --disable-werror --enable-cet --with-arch-32=i686 --with-abi=m64 --with-multilib-list=m32,m64,mx32 --enable-multilib --with-tune=generic --enable-offload-targets=nvptx-none=/build/gcc-11-XeT9lY/gcc-11-11.4.0/debian/tmp-nvptx/usr,amdgcn-amdhsa=/build/gcc-11-XeT9lY/gcc-11-11.4.0/debian/tmp-gcn/usr --without-cuda-driver --enable-checking=release --build=x86_64-linux-gnu --host=x86_64-linux-gnu --target=x86_64-linux-gnu --with-build-config=bootstrap-lto-lean --enable-link-serialization=2
Thread model: posix
Supported LTO compression algorithms: zlib zstd
gcc version 11.4.0 (Ubuntu 11.4.0-1ubuntu1~22.04) 
COMPILER_PATH=/usr/lib/gcc/x86_64-linux-gnu/11/:/usr/lib/gcc/x86_64-linux-gnu/11/:/usr/lib/gcc/x86_64-linux-gnu/:/usr/lib/gcc/x86_64-linux-gnu/11/:/usr/lib/gcc/x86_64-linux-gnu/
LIBRARY_PATH=/usr/lib/gcc/x86_64-linux-gnu/11/:/usr/lib/gcc/x86_64-linux-gnu/11/../../../x86_64-linux-gnu/:/usr/lib/gcc/x86_64-linux-gnu/11/../../../../lib/:/lib/x86_64-linux-gnu/:/lib/../lib/:/usr/lib/x86_64-linux-gnu/:/usr/lib/../lib/:/usr/lib/gcc/x86_64-linux-gnu/11/../../../:/lib/:/usr/lib/
COLLECT_GCC_OPTIONS='-v' '-o' 'cmTC_42bd4' '-L/usr/local/cuda/targets/x86_64-linux/lib/stubs' '-L/usr/local/cuda/targets/x86_64-linux/lib' '-shared-libgcc' '-mtune=generic' '-march=x86-64' '-dumpdir' 'cmTC_42bd4.'
 /usr/lib/gcc/x86_64-linux-gnu/11/collect2 -plugin /usr/lib/gcc/x86_64-linux-gnu/11/liblto_plugin.so -plugin-opt=/usr/lib/gcc/x86_64-linux-gnu/11/lto-wrapper -plugin-opt=-fresolution=/tmp/ccN849sM.res -plugin-opt=-pass-through=-lgcc_s -plugin-opt=-pass-through=-lgcc -plugin-opt=-pass-through=-lc -plugin-opt=-pass-through=-lgcc_s -plugin-opt=-pass-through=-lgcc --build-id --eh-frame-hdr -m elf_x86_64 --hash-style=gnu --as-needed -dynamic-linker /lib64/ld-linux-x86-64.so.2 -pie -z now -z relro -o cmTC_42bd4 /usr/lib/gcc/x86_64-linux-gnu/11/../../../x86_64-linux-gnu/Scrt1.o /usr/lib/gcc/x86_64-linux-gnu/11/../../../x86_64-linux-gnu/crti.o /usr/lib/gcc/x86_64-linux-gnu/11/crtbeginS.o -L/usr/local/cuda/targets/x86_64-linux/lib/stubs -L/usr/local/cuda/targets/x86_64-linux/lib -L/usr/lib/gcc/x86_64-linux-gnu/11 -L/usr/lib/gcc/x86_64-linux-gnu/11/../../../x86_64-linux-gnu -L/usr/lib/gcc/x86_64-linux-gnu/11/../../../../lib -L/lib/x86_64-linux-gnu -L/lib/../lib -L/usr/lib/x86_64-linux-gnu -L/usr/lib/../lib -L/usr/lib/gcc/x86_64-linux-gnu/11/../../.. CMakeFiles/cmTC_42bd4.dir/CMakeCUDACompilerABI.cu.o -lcudadevrt -lcudart_static -lrt -lpthread -ldl -lstdc++ -lm -lgcc_s -lgcc -lc -lgcc_s -lgcc /usr/lib/gcc/x86_64-linux-gnu/11/crtendS.o /usr/lib/gcc/x86_64-linux-gnu/11/../../../x86_64-linux-gnu/crtn.o
COLLECT_GCC_OPTIONS='-v' '-o' 'cmTC_42bd4' '-L/usr/local/cuda/targets/x86_64-linux/lib/stubs' '-L/usr/local/cuda/targets/x86_64-linux/lib' '-shared-libgcc' '-mtune=generic' '-march=x86-64' '-dumpdir' 'cmTC_42bd4.'
gmake[1]: Leaving directory '/home/tommy/Eikonal_Project/Eikonal-Cuda-Cesaroni-Tonarelli-Trabacchin/build/CMakeFiles/CMakeTmp'



Parsed CUDA implicit include dir info from above output: rv=done
  found start of include info
  found start of implicit include info
    add: [/usr/local/cuda/bin/../targets/x86_64-linux/include]
    add: [/usr/include/c++/11]
    add: [/usr/include/x86_64-linux-gnu/c++/11]
    add: [/usr/include/c++/11/backward]
    add: [/usr/lib/gcc/x86_64-linux-gnu/11/include]
    add: [/usr/local/include]
    add: [/usr/include/x86_64-linux-gnu]
    add: [/usr/include]
  end of search list found
  collapse include dir [/usr/local/cuda/bin/../targets/x86_64-linux/include] ==> [/usr/local/cuda/targets/x86_64-linux/include]
  collapse include dir [/usr/include/c++/11] ==> [/usr/include/c++/11]
  collapse include dir [/usr/include/x86_64-linux-gnu/c++/11] ==> [/usr/include/x86_64-linux-gnu/c++/11]
  collapse include dir [/usr/include/c++/11/backward] ==> [/usr/include/c++/11/backward]
  collapse include dir [/usr/lib/gcc/x86_64-linux-gnu/11/include] ==> [/usr/lib/gcc/x86_64-linux-gnu/11/include]
  collapse include dir [/usr/local/include] ==> [/usr/local/include]
  collapse include dir [/usr/include/x86_64-linux-gnu] ==> [/usr/include/x86_64-linux-gnu]
  collapse include dir [/usr/include] ==> [/usr/include]
  implicit include dirs: [/usr/local/cuda/targets/x86_64-linux/include;/usr/include/c++/11;/usr/include/x86_64-linux-gnu/c++/11;/usr/include/c++/11/backward;/usr/lib/gcc/x86_64-linux-gnu/11/include;/usr/local/include;/usr/include/x86_64-linux-gnu;/usr/include]


Parsed CUDA implicit link information from above output:
  link line regex: [^( *|.*[/\])(ld|CMAKE_LINK_STARTFILE-NOTFOUND|([^/\]+-)?ld|collect2)[^/\]*( |$)]
  ignore line: [Change Dir: /home/tommy/Eikonal_Project/Eikonal-Cuda-Cesaroni-Tonarelli-Trabacchin/build/CMakeFiles/CMakeTmp]
  ignore line: []
  ignore line: [Run Build Command(s):/usr/bin/gmake -f Makefile cmTC_42bd4/fast && /usr/bin/gmake  -f CMakeFiles/cmTC_42bd4.dir/build.make CMakeFiles/cmTC_42bd4.dir/build]
  ignore line: [gmake[1]: Entering directory '/home/tommy/Eikonal_Project/Eikonal-Cuda-Cesaroni-Tonarelli-Trabacchin/build/CMakeFiles/CMakeTmp']
  ignore line: [Building CUDA object CMakeFiles/cmTC_42bd4.dir/CMakeCUDACompilerABI.cu.o]
  ignore line: [/usr/local/cuda/bin/nvcc -forward-unknown-to-host-compiler   --generate-code=arch=compute_52 code=[compute_52 sm_52]   -Xcompiler=-v -MD -MT CMakeFiles/cmTC_42bd4.dir/CMakeCUDACompilerABI.cu.o -MF CMakeFiles/cmTC_42bd4.dir/CMakeCUDACompilerABI.cu.o.d -x cu -c /u/sw/toolchains/gcc-glibc/11.2.0/base/share/cmake-3.20/Modules/CMakeCUDACompilerABI.cu -o CMakeFiles/cmTC_42bd4.dir/CMakeCUDACompilerABI.cu.o]
  ignore line: [Using built-in specs.]
  ignore line: [COLLECT_GCC=gcc]
  ignore line: [OFFLOAD_TARGET_NAMES=nvptx-none:amdgcn-amdhsa]
  ignore line: [OFFLOAD_TARGET_DEFAULT=1]
  ignore line: [Target: x86_64-linux-gnu]
  ignore line: [Configured with: ../src/configure -v --with-pkgversion='Ubuntu 11.4.0-1ubuntu1~22.04' --with-bugurl=file:///usr/share/doc/gcc-11/README.Bugs --enable-languages=c ada c++ go brig d fortran objc obj-c++ m2 --prefix=/usr --with-gcc-major-version-only --program-suffix=-11 --program-prefix=x86_64-linux-gnu- --enable-shared --enable-linker-build-id --libexecdir=/usr/lib --without-included-gettext --enable-threads=posix --libdir=/usr/lib --enable-nls --enable-bootstrap --enable-clocale=gnu --enable-libstdcxx-debug --enable-libstdcxx-time=yes --with-default-libstdcxx-abi=new --enable-gnu-unique-object --disable-vtable-verify --enable-plugin --enable-default-pie --with-system-zlib --enable-libphobos-checking=release --with-target-system-zlib=auto --enable-objc-gc=auto --enable-multiarch --disable-werror --enable-cet --with-arch-32=i686 --with-abi=m64 --with-multilib-list=m32 m64 mx32 --enable-multilib --with-tune=generic --enable-offload-targets=nvptx-none=/build/gcc-11-XeT9lY/gcc-11-11.4.0/debian/tmp-nvptx/usr amdgcn-amdhsa=/build/gcc-11-XeT9lY/gcc-11-11.4.0/debian/tmp-gcn/usr --without-cuda-driver --enable-checking=release --build=x86_64-linux-gnu --host=x86_64-linux-gnu --target=x86_64-linux-gnu --with-build-config=bootstrap-lto-lean --enable-link-serialization=2]
  ignore line: [Thread model: posix]
  ignore line: [Supported LTO compression algorithms: zlib zstd]
  ignore line: [gcc version 11.4.0 (Ubuntu 11.4.0-1ubuntu1~22.04) ]
  ignore line: [COLLECT_GCC_OPTIONS='-D' '__CUDA_ARCH__=520' '-D' '__CUDA_ARCH_LIST__=520' '-D' '__NV_LEGACY_LAUNCH' '-E' '-D' 'CUDA_DOUBLE_MATH_FUNCTIONS' '-D' '__CUDACC__' '-D' '__NVCC__' '-v' '-I' '/usr/local/cuda/bin/../targets/x86_64-linux/include' '-D' '__CUDACC_VER_MAJOR__=12' '-D' '__CUDACC_VER_MINOR__=4' '-D' '__CUDACC_VER_BUILD__=131' '-D' '__CUDA_API_VER_MAJOR__=12' '-D' '__CUDA_API_VER_MINOR__=4' '-D' '__NVCC_DIAG_PRAGMA_SUPPORT__=1' '-include' 'cuda_runtime.h' '-m64' '-o' '/tmp/tmpxft_00013e58_00000000-7_CMakeCUDACompilerABI.cpp1.ii' '-mtune=generic' '-march=x86-64' '-dumpdir' '/tmp/']
  ignore line: [ /usr/lib/gcc/x86_64-linux-gnu/11/cc1plus -E -quiet -v -I /usr/local/cuda/bin/../targets/x86_64-linux/include -imultiarch x86_64-linux-gnu -D_GNU_SOURCE -D __CUDA_ARCH__=520 -D __CUDA_ARCH_LIST__=520 -D __NV_LEGACY_LAUNCH -D CUDA_DOUBLE_MATH_FUNCTIONS -D __CUDACC__ -D __NVCC__ -D __CUDACC_VER_MAJOR__=12 -D __CUDACC_VER_MINOR__=4 -D __CUDACC_VER_BUILD__=131 -D __CUDA_API_VER_MAJOR__=12 -D __CUDA_API_VER_MINOR__=4 -D __NVCC_DIAG_PRAGMA_SUPPORT__=1 -include cuda_runtime.h /u/sw/toolchains/gcc-glibc/11.2.0/base/share/cmake-3.20/Modules/CMakeCUDACompilerABI.cu -o /tmp/tmpxft_00013e58_00000000-7_CMakeCUDACompilerABI.cpp1.ii -m64 -mtune=generic -march=x86-64 -fasynchronous-unwind-tables -fstack-protector-strong -Wformat -Wformat-security -fstack-clash-protection -fcf-protection -dumpdir /tmp/ -dumpbase tmpxft_00013e58_00000000-7_CMakeCUDACompilerABI.cpp1.cu -dumpbase-ext .cu]
  ignore line: [ignoring duplicate directory "/usr/include/x86_64-linux-gnu/c++/11"]
  ignore line: [ignoring nonexistent directory "/usr/local/include/x86_64-linux-gnu"]
  ignore line: [ignoring nonexistent directory "/usr/lib/gcc/x86_64-linux-gnu/11/include-fixed"]
  ignore line: [ignoring nonexistent directory "/usr/lib/gcc/x86_64-linux-gnu/11/../../../../x86_64-linux-gnu/include"]
  ignore line: [#include "..." search starts here:]
  ignore line: [#include <...> search starts here:]
  ignore line: [ /usr/local/cuda/bin/../targets/x86_64-linux/include]
  ignore line: [ /usr/include/c++/11]
  ignore line: [ /usr/include/x86_64-linux-gnu/c++/11]
  ignore line: [ /usr/include/c++/11/backward]
  ignore line: [ /usr/lib/gcc/x86_64-linux-gnu/11/include]
  ignore line: [ /usr/local/include]
  ignore line: [ /usr/include/x86_64-linux-gnu]
  ignore line: [ /usr/include]
  ignore line: [End of search list.]
  ignore line: [COMPILER_PATH=/usr/lib/gcc/x86_64-linux-gnu/11/:/usr/lib/gcc/x86_64-linux-gnu/11/:/usr/lib/gcc/x86_64-linux-gnu/:/usr/lib/gcc/x86_64-linux-gnu/11/:/usr/lib/gcc/x86_64-linux-gnu/]
  ignore line: [LIBRARY_PATH=/usr/lib/gcc/x86_64-linux-gnu/11/:/usr/lib/gcc/x86_64-linux-gnu/11/../../../x86_64-linux-gnu/:/usr/lib/gcc/x86_64-linux-gnu/11/../../../../lib/:/lib/x86_64-linux-gnu/:/lib/../lib/:/usr/lib/x86_64-linux-gnu/:/usr/lib/../lib/:/usr/lib/gcc/x86_64-linux-gnu/11/../../../:/lib/:/usr/lib/]
  ignore line: [COLLECT_GCC_OPTIONS='-D' '__CUDA_ARCH__=520' '-D' '__CUDA_ARCH_LIST__=520' '-D' '__NV_LEGACY_LAUNCH' '-E' '-D' 'CUDA_DOUBLE_MATH_FUNCTIONS' '-D' '__CUDACC__' '-D' '__NVCC__' '-v' '-I' '/usr/local/cuda/bin/../targets/x86_64-linux/include' '-D' '__CUDACC_VER_MAJOR__=12' '-D' '__CUDACC_VER_MINOR__=4' '-D' '__CUDACC_VER_BUILD__=131' '-D' '__CUDA_API_VER_MAJOR__=12' '-D' '__CUDA_API_VER_MINOR__=4' '-D' '__NVCC_DIAG_PRAGMA_SUPPORT__=1' '-include' 'cuda_runtime.h' '-m64' '-o' '/tmp/tmpxft_00013e58_00000000-7_CMakeCUDACompilerABI.cpp1.ii' '-mtune=generic' '-march=x86-64' '-dumpdir' '/tmp/tmpxft_00013e58_00000000-7_CMakeCUDACompilerABI.cpp1.']
  ignore line: [Using built-in specs.]
  ignore line: [COLLECT_GCC=gcc]
  ignore line: [OFFLOAD_TARGET_NAMES=nvptx-none:amdgcn-amdhsa]
  ignore line: [OFFLOAD_TARGET_DEFAULT=1]
  ignore line: [Target: x86_64-linux-gnu]
  ignore line: [Configured with: ../src/configure -v --with-pkgversion='Ubuntu 11.4.0-1ubuntu1~22.04' --with-bugurl=file:///usr/share/doc/gcc-11/README.Bugs --enable-languages=c ada c++ go brig d fortran objc obj-c++ m2 --prefix=/usr --with-gcc-major-version-only --program-suffix=-11 --program-prefix=x86_64-linux-gnu- --enable-shared --enable-linker-build-id --libexecdir=/usr/lib --without-included-gettext --enable-threads=posix --libdir=/usr/lib --enable-nls --enable-bootstrap --enable-clocale=gnu --enable-libstdcxx-debug --enable-libstdcxx-time=yes --with-default-libstdcxx-abi=new --enable-gnu-unique-object --disable-vtable-verify --enable-plugin --enable-default-pie --with-system-zlib --enable-libphobos-checking=release --with-target-system-zlib=auto --enable-objc-gc=auto --enable-multiarch --disable-werror --enable-cet --with-arch-32=i686 --with-abi=m64 --with-multilib-list=m32 m64 mx32 --enable-multilib --with-tune=generic --enable-offload-targets=nvptx-none=/build/gcc-11-XeT9lY/gcc-11-11.4.0/debian/tmp-nvptx/usr amdgcn-amdhsa=/build/gcc-11-XeT9lY/gcc-11-11.4.0/debian/tmp-gcn/usr --without-cuda-driver --enable-checking=release --build=x86_64-linux-gnu --host=x86_64-linux-gnu --target=x86_64-linux-gnu --with-build-config=bootstrap-lto-lean --enable-link-serialization=2]
  ignore line: [Thread model: posix]
  ignore line: [Supported LTO compression algorithms: zlib zstd]
  ignore line: [gcc version 11.4.0 (Ubuntu 11.4.0-1ubuntu1~22.04) ]
  ignore line: [COLLECT_GCC_OPTIONS='-D' '__CUDA_ARCH_LIST__=520' '-D' '__NV_LEGACY_LAUNCH' '-E' '-D' '__CUDACC__' '-D' '__NVCC__' '-v' '-I' '/usr/local/cuda/bin/../targets/x86_64-linux/include' '-D' '__CUDACC_VER_MAJOR__=12' '-D' '__CUDACC_VER_MINOR__=4' '-D' '__CUDACC_VER_BUILD__=131' '-D' '__CUDA_API_VER_MAJOR__=12' '-D' '__CUDA_API_VER_MINOR__=4' '-D' '__NVCC_DIAG_PRAGMA_SUPPORT__=1' '-include' 'cuda_runtime.h' '-m64' '-o' '/tmp/tmpxft_00013e58_00000000-5_CMakeCUDACompilerABI.cpp4.ii' '-mtune=generic' '-march=x86-64' '-dumpdir' '/tmp/']
  ignore line: [ /usr/lib/gcc/x86_64-linux-gnu/11/cc1plus -E -quiet -v -I /usr/local/cuda/bin/../targets/x86_64-linux/include -imultiarch x86_64-linux-gnu -D_GNU_SOURCE -D __CUDA_ARCH_LIST__=520 -D __NV_LEGACY_LAUNCH -D __CUDACC__ -D __NVCC__ -D __CUDACC_VER_MAJOR__=12 -D __CUDACC_VER_MINOR__=4 -D __CUDACC_VER_BUILD__=131 -D __CUDA_API_VER_MAJOR__=12 -D __CUDA_API_VER_MINOR__=4 -D __NVCC_DIAG_PRAGMA_SUPPORT__=1 -include cuda_runtime.h /u/sw/toolchains/gcc-glibc/11.2.0/base/share/cmake-3.20/Modules/CMakeCUDACompilerABI.cu -o /tmp/tmpxft_00013e58_00000000-5_CMakeCUDACompilerABI.cpp4.ii -m64 -mtune=generic -march=x86-64 -fasynchronous-unwind-tables -fstack-protector-strong -Wformat -Wformat-security -fstack-clash-protection -fcf-protection -dumpdir /tmp/ -dumpbase tmpxft_00013e58_00000000-5_CMakeCUDACompilerABI.cpp4.cu -dumpbase-ext .cu]
  ignore line: [ignoring duplicate directory "/usr/include/x86_64-linux-gnu/c++/11"]
  ignore line: [ignoring nonexistent directory "/usr/local/include/x86_64-linux-gnu"]
  ignore line: [ignoring nonexistent directory "/usr/lib/gcc/x86_64-linux-gnu/11/include-fixed"]
  ignore line: [ignoring nonexistent directory "/usr/lib/gcc/x86_64-linux-gnu/11/../../../../x86_64-linux-gnu/include"]
  ignore line: [#include "..." search starts here:]
  ignore line: [#include <...> search starts here:]
  ignore line: [ /usr/local/cuda/bin/../targets/x86_64-linux/include]
  ignore line: [ /usr/include/c++/11]
  ignore line: [ /usr/include/x86_64-linux-gnu/c++/11]
  ignore line: [ /usr/include/c++/11/backward]
  ignore line: [ /usr/lib/gcc/x86_64-linux-gnu/11/include]
  ignore line: [ /usr/local/include]
  ignore line: [ /usr/include/x86_64-linux-gnu]
  ignore line: [ /usr/include]
  ignore line: [End of search list.]
  ignore line: [COMPILER_PATH=/usr/lib/gcc/x86_64-linux-gnu/11/:/usr/lib/gcc/x86_64-linux-gnu/11/:/usr/lib/gcc/x86_64-linux-gnu/:/usr/lib/gcc/x86_64-linux-gnu/11/:/usr/lib/gcc/x86_64-linux-gnu/]
  ignore line: [LIBRARY_PATH=/usr/lib/gcc/x86_64-linux-gnu/11/:/usr/lib/gcc/x86_64-linux-gnu/11/../../../x86_64-linux-gnu/:/usr/lib/gcc/x86_64-linux-gnu/11/../../../../lib/:/lib/x86_64-linux-gnu/:/lib/../lib/:/usr/lib/x86_64-linux-gnu/:/usr/lib/../lib/:/usr/lib/gcc/x86_64-linux-gnu/11/../../../:/lib/:/usr/lib/]
  ignore line: [COLLECT_GCC_OPTIONS='-D' '__CUDA_ARCH_LIST__=520' '-D' '__NV_LEGACY_LAUNCH' '-E' '-D' '__CUDACC__' '-D' '__NVCC__' '-v' '-I' '/usr/local/cuda/bin/../targets/x86_64-linux/include' '-D' '__CUDACC_VER_MAJOR__=12' '-D' '__CUDACC_VER_MINOR__=4' '-D' '__CUDACC_VER_BUILD__=131' '-D' '__CUDA_API_VER_MAJOR__=12' '-D' '__CUDA_API_VER_MINOR__=4' '-D' '__NVCC_DIAG_PRAGMA_SUPPORT__=1' '-include' 'cuda_runtime.h' '-m64' '-o' '/tmp/tmpxft_00013e58_00000000-5_CMakeCUDACompilerABI.cpp4.ii' '-mtune=generic' '-march=x86-64' '-dumpdir' '/tmp/tmpxft_00013e58_00000000-5_CMakeCUDACompilerABI.cpp4.']
  ignore line: [Using built-in specs.]
  ignore line: [COLLECT_GCC=gcc]
  ignore line: [OFFLOAD_TARGET_NAMES=nvptx-none:amdgcn-amdhsa]
  ignore line: [OFFLOAD_TARGET_DEFAULT=1]
  ignore line: [Target: x86_64-linux-gnu]
  ignore line: [Configured with: ../src/configure -v --with-pkgversion='Ubuntu 11.4.0-1ubuntu1~22.04' --with-bugurl=file:///usr/share/doc/gcc-11/README.Bugs --enable-languages=c ada c++ go brig d fortran objc obj-c++ m2 --prefix=/usr --with-gcc-major-version-only --program-suffix=-11 --program-prefix=x86_64-linux-gnu- --enable-shared --enable-linker-build-id --libexecdir=/usr/lib --without-included-gettext --enable-threads=posix --libdir=/usr/lib --enable-nls --enable-bootstrap --enable-clocale=gnu --enable-libstdcxx-debug --enable-libstdcxx-time=yes --with-default-libstdcxx-abi=new --enable-gnu-unique-object --disable-vtable-verify --enable-plugin --enable-default-pie --with-system-zlib --enable-libphobos-checking=release --with-target-system-zlib=auto --enable-objc-gc=auto --enable-multiarch --disable-werror --enable-cet --with-arch-32=i686 --with-abi=m64 --with-multilib-list=m32 m64 mx32 --enable-multilib --with-tune=generic --enable-offload-targets=nvptx-none=/build/gcc-11-XeT9lY/gcc-11-11.4.0/debian/tmp-nvptx/usr amdgcn-amdhsa=/build/gcc-11-XeT9lY/gcc-11-11.4.0/debian/tmp-gcn/usr --without-cuda-driver --enable-checking=release --build=x86_64-linux-gnu --host=x86_64-linux-gnu --target=x86_64-linux-gnu --with-build-config=bootstrap-lto-lean --enable-link-serialization=2]
  ignore line: [Thread model: posix]
  ignore line: [Supported LTO compression algorithms: zlib zstd]
  ignore line: [gcc version 11.4.0 (Ubuntu 11.4.0-1ubuntu1~22.04) ]
  ignore line: [COLLECT_GCC_OPTIONS='-D' '__CUDA_ARCH__=520' '-D' '__CUDA_ARCH_LIST__=520' '-D' '__NV_LEGACY_LAUNCH' '-c' '-D' 'CUDA_DOUBLE_MATH_FUNCTIONS' '-v' '-Wno-psabi' '-I' '/usr/local/cuda/bin/../targets/x86_64-linux/include' '-m64' '-o' 'CMakeFiles/cmTC_42bd4.dir/CMakeCUDACompilerABI.cu.o' '-mtune=generic' '-march=x86-64' '-dumpdir' 'CMakeFiles/cmTC_42bd4.dir/']
  ignore line: [ /usr/lib/gcc/x86_64-linux-gnu/11/cc1plus -quiet -v -I /usr/local/cuda/bin/../targets/x86_64-linux/include -imultiarch x86_64-linux-gnu -D_GNU_SOURCE -D __CUDA_ARCH__=520 -D __CUDA_ARCH_LIST__=520 -D __NV_LEGACY_LAUNCH -D CUDA_DOUBLE_MATH_FUNCTIONS /tmp/tmpxft_00013e58_00000000-6_CMakeCUDACompilerABI.cudafe1.cpp -quiet -dumpdir CMakeFiles/cmTC_42bd4.dir/ -dumpbase CMakeCUDACompilerABI.cu.cpp -dumpbase-ext .cpp -m64 -mtune=generic -march=x86-64 -Wno-psabi -version -fasynchronous-unwind-tables -fstack-protector-strong -Wformat -Wformat-security -fstack-clash-protection -fcf-protection -o /tmp/ccripsdc.s]
  ignore line: [GNU C++17 (Ubuntu 11.4.0-1ubuntu1~22.04) version 11.4.0 (x86_64-linux-gnu)]
  ignore line: [	compiled by GNU C version 11.4.0  GMP version 6.2.1  MPFR version 4.1.0  MPC version 1.2.1  isl version isl-0.24-GMP]
  ignore line: []
  ignore line: [GGC heuristics: --param ggc-min-expand=100 --param ggc-min-heapsize=131072]
  ignore line: [ignoring duplicate directory "/usr/include/x86_64-linux-gnu/c++/11"]
  ignore line: [ignoring nonexistent directory "/usr/local/include/x86_64-linux-gnu"]
  ignore line: [ignoring nonexistent directory "/usr/lib/gcc/x86_64-linux-gnu/11/include-fixed"]
  ignore line: [ignoring nonexistent directory "/usr/lib/gcc/x86_64-linux-gnu/11/../../../../x86_64-linux-gnu/include"]
  ignore line: [#include "..." search starts here:]
  ignore line: [#include <...> search starts here:]
  ignore line: [ /usr/local/cuda/bin/../targets/x86_64-linux/include]
  ignore line: [ /usr/include/c++/11]
  ignore line: [ /usr/include/x86_64-linux-gnu/c++/11]
  ignore line: [ /usr/include/c++/11/backward]
  ignore line: [ /usr/lib/gcc/x86_64-linux-gnu/11/include]
  ignore line: [ /usr/local/include]
  ignore line: [ /usr/include/x86_64-linux-gnu]
  ignore line: [ /usr/include]
  ignore line: [End of search list.]
  ignore line: [GNU C++17 (Ubuntu 11.4.0-1ubuntu1~22.04) version 11.4.0 (x86_64-linux-gnu)]
  ignore line: [	compiled by GNU C version 11.4.0  GMP version 6.2.1  MPFR version 4.1.0  MPC version 1.2.1  isl version isl-0.24-GMP]
  ignore line: []
  ignore line: [GGC heuristics: --param ggc-min-expand=100 --param ggc-min-heapsize=131072]
  ignore line: [Compiler executable checksum: d591828bb4d392ae8b7b160e5bb0b95f]
  ignore line: [COLLECT_GCC_OPTIONS='-D' '__CUDA_ARCH__=520' '-D' '__CUDA_ARCH_LIST__=520' '-D' '__NV_LEGACY_LAUNCH' '-c' '-D' 'CUDA_DOUBLE_MATH_FUNCTIONS' '-v' '-Wno-psabi' '-I' '/usr/local/cuda/bin/../targets/x86_64-linux/include' '-m64' '-o' 'CMakeFiles/cmTC_42bd4.dir/CMakeCUDACompilerABI.cu.o' '-mtune=generic' '-march=x86-64' '-dumpdir' 'CMakeFiles/cmTC_42bd4.dir/']
  ignore line: [ as -v -I /usr/local/cuda/bin/../targets/x86_64-linux/include --64 -o CMakeFiles/cmTC_42bd4.dir/CMakeCUDACompilerABI.cu.o /tmp/ccripsdc.s]
  ignore line: [GNU assembler version 2.38 (x86_64-linux-gnu) using BFD version (GNU Binutils for Ubuntu) 2.38]
  ignore line: [COMPILER_PATH=/usr/lib/gcc/x86_64-linux-gnu/11/:/usr/lib/gcc/x86_64-linux-gnu/11/:/usr/lib/gcc/x86_64-linux-gnu/:/usr/lib/gcc/x86_64-linux-gnu/11/:/usr/lib/gcc/x86_64-linux-gnu/]
  ignore line: [LIBRARY_PATH=/usr/lib/gcc/x86_64-linux-gnu/11/:/usr/lib/gcc/x86_64-linux-gnu/11/../../../x86_64-linux-gnu/:/usr/lib/gcc/x86_64-linux-gnu/11/../../../../lib/:/lib/x86_64-linux-gnu/:/lib/../lib/:/usr/lib/x86_64-linux-gnu/:/usr/lib/../lib/:/usr/lib/gcc/x86_64-linux-gnu/11/../../../:/lib/:/usr/lib/]
  ignore line: [COLLECT_GCC_OPTIONS='-D' '__CUDA_ARCH__=520' '-D' '__CUDA_ARCH_LIST__=520' '-D' '__NV_LEGACY_LAUNCH' '-c' '-D' 'CUDA_DOUBLE_MATH_FUNCTIONS' '-v' '-Wno-psabi' '-I' '/usr/local/cuda/bin/../targets/x86_64-linux/include' '-m64' '-o' 'CMakeFiles/cmTC_42bd4.dir/CMakeCUDACompilerABI.cu.o' '-mtune=generic' '-march=x86-64' '-dumpdir' 'CMakeFiles/cmTC_42bd4.dir/CMakeCUDACompilerABI.cu.']
  ignore line: [Linking CUDA executable cmTC_42bd4]
  ignore line: [/u/sw/toolchains/gcc-glibc/11.2.0/base/bin/cmake -E cmake_link_script CMakeFiles/cmTC_42bd4.dir/link.txt --verbose=1]
  ignore line: [/usr/bin/g++  -v CMakeFiles/cmTC_42bd4.dir/CMakeCUDACompilerABI.cu.o -o cmTC_42bd4  -lcudadevrt -lcudart_static -lrt -lpthread -ldl  -L"/usr/local/cuda/targets/x86_64-linux/lib/stubs" -L"/usr/local/cuda/targets/x86_64-linux/lib"]
  ignore line: [Using built-in specs.]
  ignore line: [COLLECT_GCC=/usr/bin/g++]
  ignore line: [COLLECT_LTO_WRAPPER=/usr/lib/gcc/x86_64-linux-gnu/11/lto-wrapper]
  ignore line: [OFFLOAD_TARGET_NAMES=nvptx-none:amdgcn-amdhsa]
  ignore line: [OFFLOAD_TARGET_DEFAULT=1]
  ignore line: [Target: x86_64-linux-gnu]
  ignore line: [Configured with: ../src/configure -v --with-pkgversion='Ubuntu 11.4.0-1ubuntu1~22.04' --with-bugurl=file:///usr/share/doc/gcc-11/README.Bugs --enable-languages=c ada c++ go brig d fortran objc obj-c++ m2 --prefix=/usr --with-gcc-major-version-only --program-suffix=-11 --program-prefix=x86_64-linux-gnu- --enable-shared --enable-linker-build-id --libexecdir=/usr/lib --without-included-gettext --enable-threads=posix --libdir=/usr/lib --enable-nls --enable-bootstrap --enable-clocale=gnu --enable-libstdcxx-debug --enable-libstdcxx-time=yes --with-default-libstdcxx-abi=new --enable-gnu-unique-object --disable-vtable-verify --enable-plugin --enable-default-pie --with-system-zlib --enable-libphobos-checking=release --with-target-system-zlib=auto --enable-objc-gc=auto --enable-multiarch --disable-werror --enable-cet --with-arch-32=i686 --with-abi=m64 --with-multilib-list=m32 m64 mx32 --enable-multilib --with-tune=generic --enable-offload-targets=nvptx-none=/build/gcc-11-XeT9lY/gcc-11-11.4.0/debian/tmp-nvptx/usr amdgcn-amdhsa=/build/gcc-11-XeT9lY/gcc-11-11.4.0/debian/tmp-gcn/usr --without-cuda-driver --enable-checking=release --build=x86_64-linux-gnu --host=x86_64-linux-gnu --target=x86_64-linux-gnu --with-build-config=bootstrap-lto-lean --enable-link-serialization=2]
  ignore line: [Thread model: posix]
  ignore line: [Supported LTO compression algorithms: zlib zstd]
  ignore line: [gcc version 11.4.0 (Ubuntu 11.4.0-1ubuntu1~22.04) ]
  ignore line: [COMPILER_PATH=/usr/lib/gcc/x86_64-linux-gnu/11/:/usr/lib/gcc/x86_64-linux-gnu/11/:/usr/lib/gcc/x86_64-linux-gnu/:/usr/lib/gcc/x86_64-linux-gnu/11/:/usr/lib/gcc/x86_64-linux-gnu/]
  ignore line: [LIBRARY_PATH=/usr/lib/gcc/x86_64-linux-gnu/11/:/usr/lib/gcc/x86_64-linux-gnu/11/../../../x86_64-linux-gnu/:/usr/lib/gcc/x86_64-linux-gnu/11/../../../../lib/:/lib/x86_64-linux-gnu/:/lib/../lib/:/usr/lib/x86_64-linux-gnu/:/usr/lib/../lib/:/usr/lib/gcc/x86_64-linux-gnu/11/../../../:/lib/:/usr/lib/]
  ignore line: [COLLECT_GCC_OPTIONS='-v' '-o' 'cmTC_42bd4' '-L/usr/local/cuda/targets/x86_64-linux/lib/stubs' '-L/usr/local/cuda/targets/x86_64-linux/lib' '-shared-libgcc' '-mtune=generic' '-march=x86-64' '-dumpdir' 'cmTC_42bd4.']
  link line: [ /usr/lib/gcc/x86_64-linux-gnu/11/collect2 -plugin /usr/lib/gcc/x86_64-linux-gnu/11/liblto_plugin.so -plugin-opt=/usr/lib/gcc/x86_64-linux-gnu/11/lto-wrapper -plugin-opt=-fresolution=/tmp/ccN849sM.res -plugin-opt=-pass-through=-lgcc_s -plugin-opt=-pass-through=-lgcc -plugin-opt=-pass-through=-lc -plugin-opt=-pass-through=-lgcc_s -plugin-opt=-pass-through=-lgcc --build-id --eh-frame-hdr -m elf_x86_64 --hash-style=gnu --as-needed -dynamic-linker /lib64/ld-linux-x86-64.so.2 -pie -z now -z relro -o cmTC_42bd4 /usr/lib/gcc/x86_64-linux-gnu/11/../../../x86_64-linux-gnu/Scrt1.o /usr/lib/gcc/x86_64-linux-gnu/11/../../../x86_64-linux-gnu/crti.o /usr/lib/gcc/x86_64-linux-gnu/11/crtbeginS.o -L/usr/local/cuda/targets/x86_64-linux/lib/stubs -L/usr/local/cuda/targets/x86_64-linux/lib -L/usr/lib/gcc/x86_64-linux-gnu/11 -L/usr/lib/gcc/x86_64-linux-gnu/11/../../../x86_64-linux-gnu -L/usr/lib/gcc/x86_64-linux-gnu/11/../../../../lib -L/lib/x86_64-linux-gnu -L/lib/../lib -L/usr/lib/x86_64-linux-gnu -L/usr/lib/../lib -L/usr/lib/gcc/x86_64-linux-gnu/11/../../.. CMakeFiles/cmTC_42bd4.dir/CMakeCUDACompilerABI.cu.o -lcudadevrt -lcudart_static -lrt -lpthread -ldl -lstdc++ -lm -lgcc_s -lgcc -lc -lgcc_s -lgcc /usr/lib/gcc/x86_64-linux-gnu/11/crtendS.o /usr/lib/gcc/x86_64-linux-gnu/11/../../../x86_64-linux-gnu/crtn.o]
    arg [/usr/lib/gcc/x86_64-linux-gnu/11/collect2] ==> ignore
    arg [-plugin] ==> ignore
    arg [/usr/lib/gcc/x86_64-linux-gnu/11/liblto_plugin.so] ==> ignore
    arg [-plugin-opt=/usr/lib/gcc/x86_64-linux-gnu/11/lto-wrapper] ==> ignore
    arg [-plugin-opt=-fresolution=/tmp/ccN849sM.res] ==> ignore
    arg [-plugin-opt=-pass-through=-lgcc_s] ==> ignore
    arg [-plugin-opt=-pass-through=-lgcc] ==> ignore
    arg [-plugin-opt=-pass-through=-lc] ==> ignore
    arg [-plugin-opt=-pass-through=-lgcc_s] ==> ignore
    arg [-plugin-opt=-pass-through=-lgcc] ==> ignore
    arg [--build-id] ==> ignore
    arg [--eh-frame-hdr] ==> ignore
    arg [-m] ==> ignore
    arg [elf_x86_64] ==> ignore
    arg [--hash-style=gnu] ==> ignore
    arg [--as-needed] ==> ignore
    arg [-dynamic-linker] ==> ignore
    arg [/lib64/ld-linux-x86-64.so.2] ==> ignore
    arg [-pie] ==> ignore
    arg [-znow] ==> ignore
    arg [-zrelro] ==> ignore
    arg [-o] ==> ignore
    arg [cmTC_42bd4] ==> ignore
    arg [/usr/lib/gcc/x86_64-linux-gnu/11/../../../x86_64-linux-gnu/Scrt1.o] ==> obj [/usr/lib/gcc/x86_64-linux-gnu/11/../../../x86_64-linux-gnu/Scrt1.o]
    arg [/usr/lib/gcc/x86_64-linux-gnu/11/../../../x86_64-linux-gnu/crti.o] ==> obj [/usr/lib/gcc/x86_64-linux-gnu/11/../../../x86_64-linux-gnu/crti.o]
    arg [/usr/lib/gcc/x86_64-linux-gnu/11/crtbeginS.o] ==> obj [/usr/lib/gcc/x86_64-linux-gnu/11/crtbeginS.o]
    arg [-L/usr/local/cuda/targets/x86_64-linux/lib/stubs] ==> dir [/usr/local/cuda/targets/x86_64-linux/lib/stubs]
    arg [-L/usr/local/cuda/targets/x86_64-linux/lib] ==> dir [/usr/local/cuda/targets/x86_64-linux/lib]
    arg [-L/usr/lib/gcc/x86_64-linux-gnu/11] ==> dir [/usr/lib/gcc/x86_64-linux-gnu/11]
    arg [-L/usr/lib/gcc/x86_64-linux-gnu/11/../../../x86_64-linux-gnu] ==> dir [/usr/lib/gcc/x86_64-linux-gnu/11/../../../x86_64-linux-gnu]
    arg [-L/usr/lib/gcc/x86_64-linux-gnu/11/../../../../lib] ==> dir [/usr/lib/gcc/x86_64-linux-gnu/11/../../../../lib]
    arg [-L/lib/x86_64-linux-gnu] ==> dir [/lib/x86_64-linux-gnu]
    arg [-L/lib/../lib] ==> dir [/lib/../lib]
    arg [-L/usr/lib/x86_64-linux-gnu] ==> dir [/usr/lib/x86_64-linux-gnu]
    arg [-L/usr/lib/../lib] ==> dir [/usr/lib/../lib]
    arg [-L/usr/lib/gcc/x86_64-linux-gnu/11/../../..] ==> dir [/usr/lib/gcc/x86_64-linux-gnu/11/../../..]
    arg [CMakeFiles/cmTC_42bd4.dir/CMakeCUDACompilerABI.cu.o] ==> ignore
    arg [-lcudadevrt] ==> lib [cudadevrt]
    arg [-lcudart_static] ==> lib [cudart_static]
    arg [-lrt] ==> lib [rt]
    arg [-lpthread] ==> lib [pthread]
    arg [-ldl] ==> lib [dl]
    arg [-lstdc++] ==> lib [stdc++]
    arg [-lm] ==> lib [m]
    arg [-lgcc_s] ==> lib [gcc_s]
    arg [-lgcc] ==> lib [gcc]
    arg [-lc] ==> lib [c]
    arg [-lgcc_s] ==> lib [gcc_s]
    arg [-lgcc] ==> lib [gcc]
    arg [/usr/lib/gcc/x86_64-linux-gnu/11/crtendS.o] ==> obj [/usr/lib/gcc/x86_64-linux-gnu/11/crtendS.o]
    arg [/usr/lib/gcc/x86_64-linux-gnu/11/../../../x86_64-linux-gnu/crtn.o] ==> obj [/usr/lib/gcc/x86_64-linux-gnu/11/../../../x86_64-linux-gnu/crtn.o]
  collapse obj [/usr/lib/gcc/x86_64-linux-gnu/11/../../../x86_64-linux-gnu/Scrt1.o] ==> [/usr/lib/x86_64-linux-gnu/Scrt1.o]
  collapse obj [/usr/lib/gcc/x86_64-linux-gnu/11/../../../x86_64-linux-gnu/crti.o] ==> [/usr/lib/x86_64-linux-gnu/crti.o]
  collapse obj [/usr/lib/gcc/x86_64-linux-gnu/11/../../../x86_64-linux-gnu/crtn.o] ==> [/usr/lib/x86_64-linux-gnu/crtn.o]
  collapse library dir [/usr/local/cuda/targets/x86_64-linux/lib/stubs] ==> [/usr/local/cuda/targets/x86_64-linux/lib/stubs]
  collapse library dir [/usr/local/cuda/targets/x86_64-linux/lib] ==> [/usr/local/cuda/targets/x86_64-linux/lib]
  collapse library dir [/usr/lib/gcc/x86_64-linux-gnu/11] ==> [/usr/lib/gcc/x86_64-linux-gnu/11]
  collapse library dir [/usr/lib/gcc/x86_64-linux-gnu/11/../../../x86_64-linux-gnu] ==> [/usr/lib/x86_64-linux-gnu]
  collapse library dir [/usr/lib/gcc/x86_64-linux-gnu/11/../../../../lib] ==> [/usr/lib]
  collapse library dir [/lib/x86_64-linux-gnu] ==> [/lib/x86_64-linux-gnu]
  collapse library dir [/lib/../lib] ==> [/lib]
  collapse library dir [/usr/lib/x86_64-linux-gnu] ==> [/usr/lib/x86_64-linux-gnu]
  collapse library dir [/usr/lib/../lib] ==> [/usr/lib]
  collapse library dir [/usr/lib/gcc/x86_64-linux-gnu/11/../../..] ==> [/usr/lib]
  implicit libs: [cudadevrt;cudart_static;rt;pthread;dl;stdc++;m;gcc_s;gcc;c;gcc_s;gcc]
  implicit objs: [/usr/lib/x86_64-linux-gnu/Scrt1.o;/usr/lib/x86_64-linux-gnu/crti.o;/usr/lib/gcc/x86_64-linux-gnu/11/crtbeginS.o;/usr/lib/gcc/x86_64-linux-gnu/11/crtendS.o;/usr/lib/x86_64-linux-gnu/crtn.o]
  implicit dirs: [/usr/local/cuda/targets/x86_64-linux/lib/stubs;/usr/local/cuda/targets/x86_64-linux/lib;/usr/lib/gcc/x86_64-linux-gnu/11;/usr/lib/x86_64-linux-gnu;/usr/lib;/lib/x86_64-linux-gnu;/lib]
  implicit fwks: []


